2019-10-30 10:51:34.204  INFO 13648 --- [main] com.winnerdt.ApiApplication              : Starting ApiApplication on DESKTOP-CUD9MR5 with PID 13648 (E:\workspace\IdeaProjects\shell_server\master-api\target\classes started by user in E:\workspace\IdeaProjects\shell_server)
2019-10-30 10:51:34.210 DEBUG 13648 --- [main] com.winnerdt.ApiApplication              : Running with Spring Boot v2.0.5.RELEASE, Spring v5.0.9.RELEASE
2019-10-30 10:51:34.211  INFO 13648 --- [main] com.winnerdt.ApiApplication              : The following profiles are active: dev
2019-10-30 10:51:34.296  INFO 13648 --- [main] ConfigServletWebServerApplicationContext : Refreshing org.springframework.boot.web.servlet.context.AnnotationConfigServletWebServerApplicationContext@2b4bac49: startup date [Wed Oct 30 10:51:34 CST 2019]; root of context hierarchy
2019-10-30 10:51:35.743  INFO 13648 --- [main] .s.d.r.c.RepositoryConfigurationDelegate : Multiple Spring Data modules found, entering strict repository configuration mode!
2019-10-30 10:51:36.181  INFO 13648 --- [main] trationDelegate$BeanPostProcessorChecker : Bean 'org.springframework.transaction.annotation.ProxyTransactionManagementConfiguration' of type [org.springframework.transaction.annotation.ProxyTransactionManagementConfiguration$$EnhancerBySpringCGLIB$$29702b12] is not eligible for getting processed by all BeanPostProcessors (for example: not eligible for auto-proxying)
2019-10-30 10:51:36.504  INFO 13648 --- [main] org.xnio                                 : XNIO version 3.3.8.Final
2019-10-30 10:51:36.517  INFO 13648 --- [main] org.xnio.nio                             : XNIO NIO Implementation Version 3.3.8.Final
2019-10-30 10:51:36.543  WARN 13648 --- [main] io.undertow.websockets.jsr               : UT026009: XNIO worker was not set on WebSocketDeploymentInfo, the default worker will be used
2019-10-30 10:51:36.544  WARN 13648 --- [main] io.undertow.websockets.jsr               : UT026010: Buffer pool was not set on WebSocketDeploymentInfo, the default pool will be used
2019-10-30 10:51:36.562  INFO 13648 --- [main] io.undertow.servlet                      : Initializing Spring embedded WebApplicationContext
2019-10-30 10:51:36.562  INFO 13648 --- [main] o.s.web.context.ContextLoader            : Root WebApplicationContext: initialization completed in 2266 ms
2019-10-30 10:51:36.638  INFO 13648 --- [main] o.s.b.w.servlet.FilterRegistrationBean   : Mapping filter: 'characterEncodingFilter' to: [/*]
2019-10-30 10:51:36.639  INFO 13648 --- [main] o.s.b.w.servlet.FilterRegistrationBean   : Mapping filter: 'hiddenHttpMethodFilter' to: [/*]
2019-10-30 10:51:36.639  INFO 13648 --- [main] o.s.b.w.servlet.FilterRegistrationBean   : Mapping filter: 'httpPutFormContentFilter' to: [/*]
2019-10-30 10:51:36.639  INFO 13648 --- [main] o.s.b.w.servlet.FilterRegistrationBean   : Mapping filter: 'requestContextFilter' to: [/*]
2019-10-30 10:51:36.639  INFO 13648 --- [main] o.s.b.w.servlet.FilterRegistrationBean   : Mapping filter: 'xssFilter' to urls: [/*]
2019-10-30 10:51:36.639  INFO 13648 --- [main] o.s.b.w.servlet.FilterRegistrationBean   : Mapping filter: 'webStatFilter' to urls: [/*]
2019-10-30 10:51:36.640  INFO 13648 --- [main] o.s.b.w.servlet.ServletRegistrationBean  : Servlet dispatcherServlet mapped to [/]
2019-10-30 10:51:36.642  INFO 13648 --- [main] o.s.b.w.servlet.ServletRegistrationBean  : Servlet statViewServlet mapped to [/druid/*]
2019-10-30 10:51:39.629  INFO 13648 --- [main] s.w.s.m.m.a.RequestMappingHandlerMapping : Mapped "{[/api/login],methods=[POST]}" onto public com.winnerdt.common.utils.R com.winnerdt.controller.ApiLoginController.login(com.winnerdt.form.LoginForm)
2019-10-30 10:51:39.630  INFO 13648 --- [main] s.w.s.m.m.a.RequestMappingHandlerMapping : Mapped "{[/api/logout],methods=[POST]}" onto public com.winnerdt.common.utils.R com.winnerdt.controller.ApiLoginController.logout(long)
2019-10-30 10:51:39.630  INFO 13648 --- [main] s.w.s.m.m.a.RequestMappingHandlerMapping : Mapped "{[/api/register],methods=[POST]}" onto public com.winnerdt.common.utils.R com.winnerdt.controller.ApiRegisterController.register(com.winnerdt.form.RegisterForm)
2019-10-30 10:51:39.633  INFO 13648 --- [main] s.w.s.m.m.a.RequestMappingHandlerMapping : Mapped "{[/api/userId],methods=[GET]}" onto public com.winnerdt.common.utils.R com.winnerdt.controller.ApiTestController.userInfo(java.lang.Integer)
2019-10-30 10:51:39.633  INFO 13648 --- [main] s.w.s.m.m.a.RequestMappingHandlerMapping : Mapped "{[/api/userInfo],methods=[GET]}" onto public com.winnerdt.common.utils.R com.winnerdt.controller.ApiTestController.userInfo(com.winnerdt.entity.UserEntity)
2019-10-30 10:51:39.633  INFO 13648 --- [main] s.w.s.m.m.a.RequestMappingHandlerMapping : Mapped "{[/api/notToken],methods=[GET]}" onto public com.winnerdt.common.utils.R com.winnerdt.controller.ApiTestController.notToken()
2019-10-30 10:51:39.636  INFO 13648 --- [main] s.w.s.m.m.a.RequestMappingHandlerMapping : Mapped "{[/api/user/getUserInfo],methods=[POST]}" onto public com.winnerdt.common.utils.R com.winnerdt.controller.WxUserController.getUserInfo(java.util.Map<java.lang.String, java.lang.String>)
2019-10-30 10:51:39.637  INFO 13648 --- [main] s.w.s.m.m.a.RequestMappingHandlerMapping : Mapped "{[/api/user/isTrueVerificationCode],methods=[POST]}" onto public void com.winnerdt.controller.WxUserController.isTrueVerificationCode(java.util.Map<java.lang.String, java.lang.String>)
2019-10-30 10:51:39.637  INFO 13648 --- [main] s.w.s.m.m.a.RequestMappingHandlerMapping : Mapped "{[/api/user/openCard],methods=[POST]}" onto public com.winnerdt.common.utils.R com.winnerdt.controller.WxUserController.openCard(java.util.Map<java.lang.String, java.lang.Object>)
2019-10-30 10:51:39.637  INFO 13648 --- [main] s.w.s.m.m.a.RequestMappingHandlerMapping : Mapped "{[/api/user/login],methods=[POST]}" onto public com.winnerdt.common.utils.R com.winnerdt.controller.WxUserController.userLogin(java.util.Map<java.lang.String, java.lang.Object>)
2019-10-30 10:51:39.637  INFO 13648 --- [main] s.w.s.m.m.a.RequestMappingHandlerMapping : Mapped "{[/api/user/sendMsg],methods=[POST]}" onto public com.winnerdt.common.utils.R com.winnerdt.controller.WxUserController.sendMsg(java.util.Map<java.lang.String, java.lang.String>)
2019-10-30 10:51:39.638  INFO 13648 --- [main] s.w.s.m.m.a.RequestMappingHandlerMapping : Mapped "{[/api/user/regist],methods=[POST]}" onto public com.winnerdt.common.utils.R com.winnerdt.controller.WxUserController.regist(java.util.Map<java.lang.String, java.lang.String>)
2019-10-30 10:51:39.638  INFO 13648 --- [main] s.w.s.m.m.a.RequestMappingHandlerMapping : Mapped "{[/api/user/getUserPhone],methods=[POST]}" onto public com.winnerdt.common.utils.R com.winnerdt.controller.WxUserController.getUserPhone(java.util.Map<java.lang.String, java.lang.String>)
2019-10-30 10:51:39.638  INFO 13648 --- [main] s.w.s.m.m.a.RequestMappingHandlerMapping : Mapped "{[/api/user/isOldUser],methods=[POST]}" onto public com.winnerdt.common.utils.R com.winnerdt.controller.WxUserController.isOldUser(java.util.Map<java.lang.String, java.lang.String>)
2019-10-30 10:51:39.643  INFO 13648 --- [main] s.w.s.m.m.a.RequestMappingHandlerMapping : Mapped "{[/swagger-resources]}" onto public org.springframework.http.ResponseEntity<java.util.List<springfox.documentation.swagger.web.SwaggerResource>> springfox.documentation.swagger.web.ApiResourceController.swaggerResources()
2019-10-30 10:51:39.644  INFO 13648 --- [main] s.w.s.m.m.a.RequestMappingHandlerMapping : Mapped "{[/swagger-resources/configuration/ui]}" onto public org.springframework.http.ResponseEntity<springfox.documentation.swagger.web.UiConfiguration> springfox.documentation.swagger.web.ApiResourceController.uiConfiguration()
2019-10-30 10:51:39.644  INFO 13648 --- [main] s.w.s.m.m.a.RequestMappingHandlerMapping : Mapped "{[/swagger-resources/configuration/security]}" onto public org.springframework.http.ResponseEntity<springfox.documentation.swagger.web.SecurityConfiguration> springfox.documentation.swagger.web.ApiResourceController.securityConfiguration()
2019-10-30 10:51:39.646  INFO 13648 --- [main] s.w.s.m.m.a.RequestMappingHandlerMapping : Mapped "{[/error]}" onto public org.springframework.http.ResponseEntity<java.util.Map<java.lang.String, java.lang.Object>> org.springframework.boot.autoconfigure.web.servlet.error.BasicErrorController.error(javax.servlet.http.HttpServletRequest)
2019-10-30 10:51:39.647  INFO 13648 --- [main] s.w.s.m.m.a.RequestMappingHandlerMapping : Mapped "{[/error],produces=[text/html]}" onto public org.springframework.web.servlet.ModelAndView org.springframework.boot.autoconfigure.web.servlet.error.BasicErrorController.errorHtml(javax.servlet.http.HttpServletRequest,javax.servlet.http.HttpServletResponse)
2019-10-30 10:51:39.874  INFO 13648 --- [main] pertySourcedRequestMappingHandlerMapping : Mapped URL path [/v2/api-docs] onto method [public org.springframework.http.ResponseEntity<springfox.documentation.spring.web.json.Json> springfox.documentation.swagger2.web.Swagger2Controller.getDocumentation(java.lang.String,javax.servlet.http.HttpServletRequest)]
2019-10-30 10:51:40.103  INFO 13648 --- [main] o.s.w.s.handler.SimpleUrlHandlerMapping  : Mapped URL path [/**/favicon.ico] onto handler of type [class org.springframework.web.servlet.resource.ResourceHttpRequestHandler]
2019-10-30 10:51:40.328  INFO 13648 --- [main] s.w.s.m.m.a.RequestMappingHandlerAdapter : Looking for @ControllerAdvice: org.springframework.boot.web.servlet.context.AnnotationConfigServletWebServerApplicationContext@2b4bac49: startup date [Wed Oct 30 10:51:34 CST 2019]; root of context hierarchy
2019-10-30 10:51:40.381  INFO 13648 --- [main] o.s.w.s.handler.SimpleUrlHandlerMapping  : Mapped URL path [/webjars/**] onto handler of type [class org.springframework.web.servlet.resource.ResourceHttpRequestHandler]
2019-10-30 10:51:40.382  INFO 13648 --- [main] o.s.w.s.handler.SimpleUrlHandlerMapping  : Mapped URL path [/**] onto handler of type [class org.springframework.web.servlet.resource.ResourceHttpRequestHandler]
2019-10-30 10:51:40.398  INFO 13648 --- [main] .m.m.a.ExceptionHandlerExceptionResolver : Detected @ExceptionHandler methods in RRExceptionHandler
2019-10-30 10:51:40.849  INFO 13648 --- [main] o.s.j.e.a.AnnotationMBeanExporter        : Registering beans for JMX exposure on startup
2019-10-30 10:51:40.850  INFO 13648 --- [main] o.s.j.e.a.AnnotationMBeanExporter        : Bean with name 'dataSource' has been autodetected for JMX exposure
2019-10-30 10:51:40.851  INFO 13648 --- [main] o.s.j.e.a.AnnotationMBeanExporter        : Bean with name 'statFilter' has been autodetected for JMX exposure
2019-10-30 10:51:40.857  INFO 13648 --- [main] o.s.j.e.a.AnnotationMBeanExporter        : Located MBean 'dataSource': registering with JMX server as MBean [com.alibaba.druid.spring.boot.autoconfigure:name=dataSource,type=DruidDataSourceWrapper]
2019-10-30 10:51:40.859  INFO 13648 --- [main] o.s.j.e.a.AnnotationMBeanExporter        : Located MBean 'statFilter': registering with JMX server as MBean [com.alibaba.druid.filter.stat:name=statFilter,type=StatFilter]
2019-10-30 10:51:40.862  INFO 13648 --- [main] o.s.c.support.DefaultLifecycleProcessor  : Starting beans in phase 2147483647
2019-10-30 10:51:40.863  INFO 13648 --- [main] d.s.w.p.DocumentationPluginsBootstrapper : Context refreshed
2019-10-30 10:51:41.443  INFO 13648 --- [main] d.s.w.p.DocumentationPluginsBootstrapper : Found 1 custom documentation plugin(s)
2019-10-30 10:51:41.563  INFO 13648 --- [main] s.d.s.w.s.ApiListingReferenceScanner     : Scanning for api listing references
2019-10-30 10:51:41.861  INFO 13648 --- [main] .d.s.w.r.o.CachingOperationNameGenerator : Generating unique operation named: userInfoUsingGET_1
2019-10-30 10:51:41.935  INFO 13648 --- [main] o.s.b.w.e.u.UndertowServletWebServer     : Undertow started on port(s) 9002 (http) with context path '/shell-api'
2019-10-30 10:51:41.938  INFO 13648 --- [main] com.winnerdt.ApiApplication              : Started ApiApplication in 8.534 seconds (JVM running for 10.235)
2019-10-30 15:00:04.229  INFO 20088 --- [main] com.winnerdt.ApiApplication              : Starting ApiApplication on DESKTOP-CUD9MR5 with PID 20088 (E:\workspace\IdeaProjects\shell_server\master-api\target\classes started by user in E:\workspace\IdeaProjects\shell_server)
2019-10-30 15:00:04.232 DEBUG 20088 --- [main] com.winnerdt.ApiApplication              : Running with Spring Boot v2.0.5.RELEASE, Spring v5.0.9.RELEASE
2019-10-30 15:00:04.232  INFO 20088 --- [main] com.winnerdt.ApiApplication              : The following profiles are active: dev
2019-10-30 15:00:04.306  INFO 20088 --- [main] ConfigServletWebServerApplicationContext : Refreshing org.springframework.boot.web.servlet.context.AnnotationConfigServletWebServerApplicationContext@46268f08: startup date [Wed Oct 30 15:00:04 CST 2019]; root of context hierarchy
2019-10-30 15:00:05.713  INFO 20088 --- [main] .s.d.r.c.RepositoryConfigurationDelegate : Multiple Spring Data modules found, entering strict repository configuration mode!
2019-10-30 15:00:06.234  INFO 20088 --- [main] trationDelegate$BeanPostProcessorChecker : Bean 'org.springframework.transaction.annotation.ProxyTransactionManagementConfiguration' of type [org.springframework.transaction.annotation.ProxyTransactionManagementConfiguration$$EnhancerBySpringCGLIB$$d78fcd33] is not eligible for getting processed by all BeanPostProcessors (for example: not eligible for auto-proxying)
2019-10-30 15:00:06.711  INFO 20088 --- [main] org.xnio                                 : XNIO version 3.3.8.Final
2019-10-30 15:00:06.727  INFO 20088 --- [main] org.xnio.nio                             : XNIO NIO Implementation Version 3.3.8.Final
2019-10-30 15:00:06.759  WARN 20088 --- [main] io.undertow.websockets.jsr               : UT026009: XNIO worker was not set on WebSocketDeploymentInfo, the default worker will be used
2019-10-30 15:00:06.759  WARN 20088 --- [main] io.undertow.websockets.jsr               : UT026010: Buffer pool was not set on WebSocketDeploymentInfo, the default pool will be used
2019-10-30 15:00:06.786  INFO 20088 --- [main] io.undertow.servlet                      : Initializing Spring embedded WebApplicationContext
2019-10-30 15:00:06.786  INFO 20088 --- [main] o.s.web.context.ContextLoader            : Root WebApplicationContext: initialization completed in 2481 ms
2019-10-30 15:00:06.983  INFO 20088 --- [main] o.s.b.w.servlet.FilterRegistrationBean   : Mapping filter: 'characterEncodingFilter' to: [/*]
2019-10-30 15:00:06.984  INFO 20088 --- [main] o.s.b.w.servlet.FilterRegistrationBean   : Mapping filter: 'hiddenHttpMethodFilter' to: [/*]
2019-10-30 15:00:06.985  INFO 20088 --- [main] o.s.b.w.servlet.FilterRegistrationBean   : Mapping filter: 'httpPutFormContentFilter' to: [/*]
2019-10-30 15:00:06.986  INFO 20088 --- [main] o.s.b.w.servlet.FilterRegistrationBean   : Mapping filter: 'requestContextFilter' to: [/*]
2019-10-30 15:00:06.986  INFO 20088 --- [main] o.s.b.w.servlet.FilterRegistrationBean   : Mapping filter: 'xssFilter' to urls: [/*]
2019-10-30 15:00:06.987  INFO 20088 --- [main] o.s.b.w.servlet.FilterRegistrationBean   : Mapping filter: 'webStatFilter' to urls: [/*]
2019-10-30 15:00:06.987  INFO 20088 --- [main] o.s.b.w.servlet.ServletRegistrationBean  : Servlet dispatcherServlet mapped to [/]
2019-10-30 15:00:06.990  INFO 20088 --- [main] o.s.b.w.servlet.ServletRegistrationBean  : Servlet statViewServlet mapped to [/druid/*]
2019-10-30 15:00:09.201  INFO 20088 --- [main] s.w.s.m.m.a.RequestMappingHandlerMapping : Mapped "{[/api/logout],methods=[POST]}" onto public com.winnerdt.common.utils.R com.winnerdt.controller.ApiLoginController.logout(long)
2019-10-30 15:00:09.202  INFO 20088 --- [main] s.w.s.m.m.a.RequestMappingHandlerMapping : Mapped "{[/api/login],methods=[POST]}" onto public com.winnerdt.common.utils.R com.winnerdt.controller.ApiLoginController.login(com.winnerdt.form.LoginForm)
2019-10-30 15:00:09.203  INFO 20088 --- [main] s.w.s.m.m.a.RequestMappingHandlerMapping : Mapped "{[/api/register],methods=[POST]}" onto public com.winnerdt.common.utils.R com.winnerdt.controller.ApiRegisterController.register(com.winnerdt.form.RegisterForm)
2019-10-30 15:00:09.205  INFO 20088 --- [main] s.w.s.m.m.a.RequestMappingHandlerMapping : Mapped "{[/api/userId],methods=[GET]}" onto public com.winnerdt.common.utils.R com.winnerdt.controller.ApiTestController.userInfo(java.lang.Integer)
2019-10-30 15:00:09.205  INFO 20088 --- [main] s.w.s.m.m.a.RequestMappingHandlerMapping : Mapped "{[/api/userInfo],methods=[GET]}" onto public com.winnerdt.common.utils.R com.winnerdt.controller.ApiTestController.userInfo(com.winnerdt.entity.UserEntity)
2019-10-30 15:00:09.206  INFO 20088 --- [main] s.w.s.m.m.a.RequestMappingHandlerMapping : Mapped "{[/api/notToken],methods=[GET]}" onto public com.winnerdt.common.utils.R com.winnerdt.controller.ApiTestController.notToken()
2019-10-30 15:00:09.209  INFO 20088 --- [main] s.w.s.m.m.a.RequestMappingHandlerMapping : Mapped "{[/api/user/getUserInfo],methods=[POST]}" onto public com.winnerdt.common.utils.R com.winnerdt.controller.WxUserController.getUserInfo(java.util.Map<java.lang.String, java.lang.String>)
2019-10-30 15:00:09.209  INFO 20088 --- [main] s.w.s.m.m.a.RequestMappingHandlerMapping : Mapped "{[/api/user/isTrueVerificationCode],methods=[POST]}" onto public void com.winnerdt.controller.WxUserController.isTrueVerificationCode(java.util.Map<java.lang.String, java.lang.String>)
2019-10-30 15:00:09.209  INFO 20088 --- [main] s.w.s.m.m.a.RequestMappingHandlerMapping : Mapped "{[/api/user/getUserPhone],methods=[POST]}" onto public com.winnerdt.common.utils.R com.winnerdt.controller.WxUserController.getUserPhone(java.util.Map<java.lang.String, java.lang.String>)
2019-10-30 15:00:09.210  INFO 20088 --- [main] s.w.s.m.m.a.RequestMappingHandlerMapping : Mapped "{[/api/user/sendMsg],methods=[POST]}" onto public com.winnerdt.common.utils.R com.winnerdt.controller.WxUserController.sendMsg(java.util.Map<java.lang.String, java.lang.String>)
2019-10-30 15:00:09.210  INFO 20088 --- [main] s.w.s.m.m.a.RequestMappingHandlerMapping : Mapped "{[/api/user/regist],methods=[POST]}" onto public com.winnerdt.common.utils.R com.winnerdt.controller.WxUserController.regist(java.util.Map<java.lang.String, java.lang.String>)
2019-10-30 15:00:09.211  INFO 20088 --- [main] s.w.s.m.m.a.RequestMappingHandlerMapping : Mapped "{[/api/user/login],methods=[POST]}" onto public com.winnerdt.common.utils.R com.winnerdt.controller.WxUserController.userLogin(java.util.Map<java.lang.String, java.lang.Object>)
2019-10-30 15:00:09.211  INFO 20088 --- [main] s.w.s.m.m.a.RequestMappingHandlerMapping : Mapped "{[/api/user/openCard],methods=[POST]}" onto public com.winnerdt.common.utils.R com.winnerdt.controller.WxUserController.openCard(java.util.Map<java.lang.String, java.lang.Object>)
2019-10-30 15:00:09.213  INFO 20088 --- [main] s.w.s.m.m.a.RequestMappingHandlerMapping : Mapped "{[/api/user/isOldUser],methods=[POST]}" onto public com.winnerdt.common.utils.R com.winnerdt.controller.WxUserController.isOldUser(java.util.Map<java.lang.String, java.lang.String>)
2019-10-30 15:00:09.219  INFO 20088 --- [main] s.w.s.m.m.a.RequestMappingHandlerMapping : Mapped "{[/swagger-resources/configuration/security]}" onto public org.springframework.http.ResponseEntity<springfox.documentation.swagger.web.SecurityConfiguration> springfox.documentation.swagger.web.ApiResourceController.securityConfiguration()
2019-10-30 15:00:09.220  INFO 20088 --- [main] s.w.s.m.m.a.RequestMappingHandlerMapping : Mapped "{[/swagger-resources/configuration/ui]}" onto public org.springframework.http.ResponseEntity<springfox.documentation.swagger.web.UiConfiguration> springfox.documentation.swagger.web.ApiResourceController.uiConfiguration()
2019-10-30 15:00:09.221  INFO 20088 --- [main] s.w.s.m.m.a.RequestMappingHandlerMapping : Mapped "{[/swagger-resources]}" onto public org.springframework.http.ResponseEntity<java.util.List<springfox.documentation.swagger.web.SwaggerResource>> springfox.documentation.swagger.web.ApiResourceController.swaggerResources()
2019-10-30 15:00:09.223  INFO 20088 --- [main] s.w.s.m.m.a.RequestMappingHandlerMapping : Mapped "{[/error]}" onto public org.springframework.http.ResponseEntity<java.util.Map<java.lang.String, java.lang.Object>> org.springframework.boot.autoconfigure.web.servlet.error.BasicErrorController.error(javax.servlet.http.HttpServletRequest)
2019-10-30 15:00:09.223  INFO 20088 --- [main] s.w.s.m.m.a.RequestMappingHandlerMapping : Mapped "{[/error],produces=[text/html]}" onto public org.springframework.web.servlet.ModelAndView org.springframework.boot.autoconfigure.web.servlet.error.BasicErrorController.errorHtml(javax.servlet.http.HttpServletRequest,javax.servlet.http.HttpServletResponse)
2019-10-30 15:00:09.373  INFO 20088 --- [main] pertySourcedRequestMappingHandlerMapping : Mapped URL path [/v2/api-docs] onto method [public org.springframework.http.ResponseEntity<springfox.documentation.spring.web.json.Json> springfox.documentation.swagger2.web.Swagger2Controller.getDocumentation(java.lang.String,javax.servlet.http.HttpServletRequest)]
2019-10-30 15:00:09.594  INFO 20088 --- [main] o.s.w.s.handler.SimpleUrlHandlerMapping  : Mapped URL path [/**/favicon.ico] onto handler of type [class org.springframework.web.servlet.resource.ResourceHttpRequestHandler]
2019-10-30 15:00:09.844  INFO 20088 --- [main] s.w.s.m.m.a.RequestMappingHandlerAdapter : Looking for @ControllerAdvice: org.springframework.boot.web.servlet.context.AnnotationConfigServletWebServerApplicationContext@46268f08: startup date [Wed Oct 30 15:00:04 CST 2019]; root of context hierarchy
2019-10-30 15:00:09.900  INFO 20088 --- [main] o.s.w.s.handler.SimpleUrlHandlerMapping  : Mapped URL path [/webjars/**] onto handler of type [class org.springframework.web.servlet.resource.ResourceHttpRequestHandler]
2019-10-30 15:00:09.901  INFO 20088 --- [main] o.s.w.s.handler.SimpleUrlHandlerMapping  : Mapped URL path [/**] onto handler of type [class org.springframework.web.servlet.resource.ResourceHttpRequestHandler]
2019-10-30 15:00:09.921  INFO 20088 --- [main] .m.m.a.ExceptionHandlerExceptionResolver : Detected @ExceptionHandler methods in RRExceptionHandler
2019-10-30 15:00:10.424  INFO 20088 --- [main] o.s.j.e.a.AnnotationMBeanExporter        : Registering beans for JMX exposure on startup
2019-10-30 15:00:10.427  INFO 20088 --- [main] o.s.j.e.a.AnnotationMBeanExporter        : Bean with name 'dataSource' has been autodetected for JMX exposure
2019-10-30 15:00:10.428  INFO 20088 --- [main] o.s.j.e.a.AnnotationMBeanExporter        : Bean with name 'statFilter' has been autodetected for JMX exposure
2019-10-30 15:00:10.441  INFO 20088 --- [main] o.s.j.e.a.AnnotationMBeanExporter        : Located MBean 'dataSource': registering with JMX server as MBean [com.alibaba.druid.spring.boot.autoconfigure:name=dataSource,type=DruidDataSourceWrapper]
2019-10-30 15:00:10.446  INFO 20088 --- [main] o.s.j.e.a.AnnotationMBeanExporter        : Located MBean 'statFilter': registering with JMX server as MBean [com.alibaba.druid.filter.stat:name=statFilter,type=StatFilter]
2019-10-30 15:00:10.453  INFO 20088 --- [main] o.s.c.support.DefaultLifecycleProcessor  : Starting beans in phase 2147483647
2019-10-30 15:00:10.454  INFO 20088 --- [main] d.s.w.p.DocumentationPluginsBootstrapper : Context refreshed
2019-10-30 15:00:10.493  INFO 20088 --- [main] d.s.w.p.DocumentationPluginsBootstrapper : Found 1 custom documentation plugin(s)
2019-10-30 15:00:10.541  INFO 20088 --- [main] s.d.s.w.s.ApiListingReferenceScanner     : Scanning for api listing references
2019-10-30 15:00:10.766  INFO 20088 --- [main] .d.s.w.r.o.CachingOperationNameGenerator : Generating unique operation named: userInfoUsingGET_1
2019-10-30 15:00:10.856  INFO 20088 --- [main] ConditionEvaluationReportLoggingListener : 

Error starting ApplicationContext. To display the conditions report re-run your application with 'debug' enabled.
2019-10-30 15:00:10.860 ERROR 20088 --- [main] o.s.b.d.LoggingFailureAnalysisReporter   : 

***************************
APPLICATION FAILED TO START
***************************

Description:

Web server failed to start. Port 9002 was already in use.

Action:

Identify and stop the process that's listening on port 9002 or configure this application to listen on another port.

2019-10-30 15:00:10.861  INFO 20088 --- [main] ConfigServletWebServerApplicationContext : Closing org.springframework.boot.web.servlet.context.AnnotationConfigServletWebServerApplicationContext@46268f08: startup date [Wed Oct 30 15:00:04 CST 2019]; root of context hierarchy
2019-10-30 15:00:10.863  INFO 20088 --- [main] o.s.c.support.DefaultLifecycleProcessor  : Stopping beans in phase 2147483647
2019-10-30 15:00:10.864  INFO 20088 --- [main] o.s.j.e.a.AnnotationMBeanExporter        : Unregistering JMX-exposed beans on shutdown
2019-10-30 15:00:10.864  INFO 20088 --- [main] o.s.j.e.a.AnnotationMBeanExporter        : Unregistering JMX-exposed beans
2019-10-30 15:00:29.063  INFO 18456 --- [main] com.winnerdt.ApiApplication              : Starting ApiApplication on DESKTOP-CUD9MR5 with PID 18456 (E:\workspace\IdeaProjects\shell_server\master-api\target\classes started by user in E:\workspace\IdeaProjects\shell_server)
2019-10-30 15:00:29.065 DEBUG 18456 --- [main] com.winnerdt.ApiApplication              : Running with Spring Boot v2.0.5.RELEASE, Spring v5.0.9.RELEASE
2019-10-30 15:00:29.066  INFO 18456 --- [main] com.winnerdt.ApiApplication              : The following profiles are active: dev
2019-10-30 15:00:29.160  INFO 18456 --- [main] ConfigServletWebServerApplicationContext : Refreshing org.springframework.boot.web.servlet.context.AnnotationConfigServletWebServerApplicationContext@207b8649: startup date [Wed Oct 30 15:00:29 CST 2019]; root of context hierarchy
2019-10-30 15:00:30.276  INFO 18456 --- [main] .s.d.r.c.RepositoryConfigurationDelegate : Multiple Spring Data modules found, entering strict repository configuration mode!
2019-10-30 15:00:30.840  INFO 18456 --- [main] trationDelegate$BeanPostProcessorChecker : Bean 'org.springframework.transaction.annotation.ProxyTransactionManagementConfiguration' of type [org.springframework.transaction.annotation.ProxyTransactionManagementConfiguration$$EnhancerBySpringCGLIB$$74a8d26d] is not eligible for getting processed by all BeanPostProcessors (for example: not eligible for auto-proxying)
2019-10-30 15:00:31.384  INFO 18456 --- [main] org.xnio                                 : XNIO version 3.3.8.Final
2019-10-30 15:00:31.406  INFO 18456 --- [main] org.xnio.nio                             : XNIO NIO Implementation Version 3.3.8.Final
2019-10-30 15:00:31.439  WARN 18456 --- [main] io.undertow.websockets.jsr               : UT026009: XNIO worker was not set on WebSocketDeploymentInfo, the default worker will be used
2019-10-30 15:00:31.439  WARN 18456 --- [main] io.undertow.websockets.jsr               : UT026010: Buffer pool was not set on WebSocketDeploymentInfo, the default pool will be used
2019-10-30 15:00:31.465  INFO 18456 --- [main] io.undertow.servlet                      : Initializing Spring embedded WebApplicationContext
2019-10-30 15:00:31.465  INFO 18456 --- [main] o.s.web.context.ContextLoader            : Root WebApplicationContext: initialization completed in 2305 ms
2019-10-30 15:00:31.619  INFO 18456 --- [main] o.s.b.w.servlet.FilterRegistrationBean   : Mapping filter: 'characterEncodingFilter' to: [/*]
2019-10-30 15:00:31.640  INFO 18456 --- [main] o.s.b.w.servlet.FilterRegistrationBean   : Mapping filter: 'hiddenHttpMethodFilter' to: [/*]
2019-10-30 15:00:31.641  INFO 18456 --- [main] o.s.b.w.servlet.FilterRegistrationBean   : Mapping filter: 'httpPutFormContentFilter' to: [/*]
2019-10-30 15:00:31.641  INFO 18456 --- [main] o.s.b.w.servlet.FilterRegistrationBean   : Mapping filter: 'requestContextFilter' to: [/*]
2019-10-30 15:00:31.641  INFO 18456 --- [main] o.s.b.w.servlet.FilterRegistrationBean   : Mapping filter: 'xssFilter' to urls: [/*]
2019-10-30 15:00:31.641  INFO 18456 --- [main] o.s.b.w.servlet.FilterRegistrationBean   : Mapping filter: 'webStatFilter' to urls: [/*]
2019-10-30 15:00:31.641  INFO 18456 --- [main] o.s.b.w.servlet.ServletRegistrationBean  : Servlet dispatcherServlet mapped to [/]
2019-10-30 15:00:31.644  INFO 18456 --- [main] o.s.b.w.servlet.ServletRegistrationBean  : Servlet statViewServlet mapped to [/druid/*]
2019-10-30 15:00:33.319  INFO 18456 --- [main] s.w.s.m.m.a.RequestMappingHandlerMapping : Mapped "{[/api/login],methods=[POST]}" onto public com.winnerdt.common.utils.R com.winnerdt.controller.ApiLoginController.login(com.winnerdt.form.LoginForm)
2019-10-30 15:00:33.320  INFO 18456 --- [main] s.w.s.m.m.a.RequestMappingHandlerMapping : Mapped "{[/api/logout],methods=[POST]}" onto public com.winnerdt.common.utils.R com.winnerdt.controller.ApiLoginController.logout(long)
2019-10-30 15:00:33.320  INFO 18456 --- [main] s.w.s.m.m.a.RequestMappingHandlerMapping : Mapped "{[/api/register],methods=[POST]}" onto public com.winnerdt.common.utils.R com.winnerdt.controller.ApiRegisterController.register(com.winnerdt.form.RegisterForm)
2019-10-30 15:00:33.322  INFO 18456 --- [main] s.w.s.m.m.a.RequestMappingHandlerMapping : Mapped "{[/api/userId],methods=[GET]}" onto public com.winnerdt.common.utils.R com.winnerdt.controller.ApiTestController.userInfo(java.lang.Integer)
2019-10-30 15:00:33.322  INFO 18456 --- [main] s.w.s.m.m.a.RequestMappingHandlerMapping : Mapped "{[/api/userInfo],methods=[GET]}" onto public com.winnerdt.common.utils.R com.winnerdt.controller.ApiTestController.userInfo(com.winnerdt.entity.UserEntity)
2019-10-30 15:00:33.322  INFO 18456 --- [main] s.w.s.m.m.a.RequestMappingHandlerMapping : Mapped "{[/api/notToken],methods=[GET]}" onto public com.winnerdt.common.utils.R com.winnerdt.controller.ApiTestController.notToken()
2019-10-30 15:00:33.325  INFO 18456 --- [main] s.w.s.m.m.a.RequestMappingHandlerMapping : Mapped "{[/api/user/getUserInfo],methods=[POST]}" onto public com.winnerdt.common.utils.R com.winnerdt.controller.WxUserController.getUserInfo(java.util.Map<java.lang.String, java.lang.String>)
2019-10-30 15:00:33.325  INFO 18456 --- [main] s.w.s.m.m.a.RequestMappingHandlerMapping : Mapped "{[/api/user/isTrueVerificationCode],methods=[POST]}" onto public void com.winnerdt.controller.WxUserController.isTrueVerificationCode(java.util.Map<java.lang.String, java.lang.String>)
2019-10-30 15:00:33.325  INFO 18456 --- [main] s.w.s.m.m.a.RequestMappingHandlerMapping : Mapped "{[/api/user/regist],methods=[POST]}" onto public com.winnerdt.common.utils.R com.winnerdt.controller.WxUserController.regist(java.util.Map<java.lang.String, java.lang.String>)
2019-10-30 15:00:33.325  INFO 18456 --- [main] s.w.s.m.m.a.RequestMappingHandlerMapping : Mapped "{[/api/user/login],methods=[POST]}" onto public com.winnerdt.common.utils.R com.winnerdt.controller.WxUserController.userLogin(java.util.Map<java.lang.String, java.lang.Object>)
2019-10-30 15:00:33.326  INFO 18456 --- [main] s.w.s.m.m.a.RequestMappingHandlerMapping : Mapped "{[/api/user/openCard],methods=[POST]}" onto public com.winnerdt.common.utils.R com.winnerdt.controller.WxUserController.openCard(java.util.Map<java.lang.String, java.lang.Object>)
2019-10-30 15:00:33.326  INFO 18456 --- [main] s.w.s.m.m.a.RequestMappingHandlerMapping : Mapped "{[/api/user/getUserPhone],methods=[POST]}" onto public com.winnerdt.common.utils.R com.winnerdt.controller.WxUserController.getUserPhone(java.util.Map<java.lang.String, java.lang.String>)
2019-10-30 15:00:33.327  INFO 18456 --- [main] s.w.s.m.m.a.RequestMappingHandlerMapping : Mapped "{[/api/user/isOldUser],methods=[POST]}" onto public com.winnerdt.common.utils.R com.winnerdt.controller.WxUserController.isOldUser(java.util.Map<java.lang.String, java.lang.String>)
2019-10-30 15:00:33.327  INFO 18456 --- [main] s.w.s.m.m.a.RequestMappingHandlerMapping : Mapped "{[/api/user/sendMsg],methods=[POST]}" onto public com.winnerdt.common.utils.R com.winnerdt.controller.WxUserController.sendMsg(java.util.Map<java.lang.String, java.lang.String>)
2019-10-30 15:00:33.332  INFO 18456 --- [main] s.w.s.m.m.a.RequestMappingHandlerMapping : Mapped "{[/swagger-resources]}" onto public org.springframework.http.ResponseEntity<java.util.List<springfox.documentation.swagger.web.SwaggerResource>> springfox.documentation.swagger.web.ApiResourceController.swaggerResources()
2019-10-30 15:00:33.333  INFO 18456 --- [main] s.w.s.m.m.a.RequestMappingHandlerMapping : Mapped "{[/swagger-resources/configuration/ui]}" onto public org.springframework.http.ResponseEntity<springfox.documentation.swagger.web.UiConfiguration> springfox.documentation.swagger.web.ApiResourceController.uiConfiguration()
2019-10-30 15:00:33.333  INFO 18456 --- [main] s.w.s.m.m.a.RequestMappingHandlerMapping : Mapped "{[/swagger-resources/configuration/security]}" onto public org.springframework.http.ResponseEntity<springfox.documentation.swagger.web.SecurityConfiguration> springfox.documentation.swagger.web.ApiResourceController.securityConfiguration()
2019-10-30 15:00:33.337  INFO 18456 --- [main] s.w.s.m.m.a.RequestMappingHandlerMapping : Mapped "{[/error]}" onto public org.springframework.http.ResponseEntity<java.util.Map<java.lang.String, java.lang.Object>> org.springframework.boot.autoconfigure.web.servlet.error.BasicErrorController.error(javax.servlet.http.HttpServletRequest)
2019-10-30 15:00:33.337  INFO 18456 --- [main] s.w.s.m.m.a.RequestMappingHandlerMapping : Mapped "{[/error],produces=[text/html]}" onto public org.springframework.web.servlet.ModelAndView org.springframework.boot.autoconfigure.web.servlet.error.BasicErrorController.errorHtml(javax.servlet.http.HttpServletRequest,javax.servlet.http.HttpServletResponse)
2019-10-30 15:00:33.477  INFO 18456 --- [main] pertySourcedRequestMappingHandlerMapping : Mapped URL path [/v2/api-docs] onto method [public org.springframework.http.ResponseEntity<springfox.documentation.spring.web.json.Json> springfox.documentation.swagger2.web.Swagger2Controller.getDocumentation(java.lang.String,javax.servlet.http.HttpServletRequest)]
2019-10-30 15:00:33.638  INFO 18456 --- [main] o.s.w.s.handler.SimpleUrlHandlerMapping  : Mapped URL path [/**/favicon.ico] onto handler of type [class org.springframework.web.servlet.resource.ResourceHttpRequestHandler]
2019-10-30 15:00:33.830  INFO 18456 --- [main] s.w.s.m.m.a.RequestMappingHandlerAdapter : Looking for @ControllerAdvice: org.springframework.boot.web.servlet.context.AnnotationConfigServletWebServerApplicationContext@207b8649: startup date [Wed Oct 30 15:00:29 CST 2019]; root of context hierarchy
2019-10-30 15:00:33.886  INFO 18456 --- [main] o.s.w.s.handler.SimpleUrlHandlerMapping  : Mapped URL path [/webjars/**] onto handler of type [class org.springframework.web.servlet.resource.ResourceHttpRequestHandler]
2019-10-30 15:00:33.887  INFO 18456 --- [main] o.s.w.s.handler.SimpleUrlHandlerMapping  : Mapped URL path [/**] onto handler of type [class org.springframework.web.servlet.resource.ResourceHttpRequestHandler]
2019-10-30 15:00:33.904  INFO 18456 --- [main] .m.m.a.ExceptionHandlerExceptionResolver : Detected @ExceptionHandler methods in RRExceptionHandler
2019-10-30 15:00:34.315  INFO 18456 --- [main] o.s.j.e.a.AnnotationMBeanExporter        : Registering beans for JMX exposure on startup
2019-10-30 15:00:34.316  INFO 18456 --- [main] o.s.j.e.a.AnnotationMBeanExporter        : Bean with name 'dataSource' has been autodetected for JMX exposure
2019-10-30 15:00:34.317  INFO 18456 --- [main] o.s.j.e.a.AnnotationMBeanExporter        : Bean with name 'statFilter' has been autodetected for JMX exposure
2019-10-30 15:00:34.324  INFO 18456 --- [main] o.s.j.e.a.AnnotationMBeanExporter        : Located MBean 'dataSource': registering with JMX server as MBean [com.alibaba.druid.spring.boot.autoconfigure:name=dataSource,type=DruidDataSourceWrapper]
2019-10-30 15:00:34.326  INFO 18456 --- [main] o.s.j.e.a.AnnotationMBeanExporter        : Located MBean 'statFilter': registering with JMX server as MBean [com.alibaba.druid.filter.stat:name=statFilter,type=StatFilter]
2019-10-30 15:00:34.330  INFO 18456 --- [main] o.s.c.support.DefaultLifecycleProcessor  : Starting beans in phase 2147483647
2019-10-30 15:00:34.330  INFO 18456 --- [main] d.s.w.p.DocumentationPluginsBootstrapper : Context refreshed
2019-10-30 15:00:34.346  INFO 18456 --- [main] d.s.w.p.DocumentationPluginsBootstrapper : Found 1 custom documentation plugin(s)
2019-10-30 15:00:34.377  INFO 18456 --- [main] s.d.s.w.s.ApiListingReferenceScanner     : Scanning for api listing references
2019-10-30 15:00:34.515  INFO 18456 --- [main] .d.s.w.r.o.CachingOperationNameGenerator : Generating unique operation named: userInfoUsingGET_1
2019-10-30 15:00:34.603  INFO 18456 --- [main] o.s.b.w.e.u.UndertowServletWebServer     : Undertow started on port(s) 9003 (http) with context path '/shell-api'
2019-10-30 15:00:34.609  INFO 18456 --- [main] com.winnerdt.ApiApplication              : Started ApiApplication in 6.357 seconds (JVM running for 7.964)
2019-10-30 15:00:59.284  INFO 18456 --- [XNIO-2 task-1] io.undertow.servlet                      : Initializing Spring FrameworkServlet 'dispatcherServlet'
2019-10-30 15:00:59.285  INFO 18456 --- [XNIO-2 task-1] o.s.web.servlet.DispatcherServlet        : FrameworkServlet 'dispatcherServlet': initialization started
2019-10-30 15:00:59.303  INFO 18456 --- [XNIO-2 task-1] o.s.web.servlet.DispatcherServlet        : FrameworkServlet 'dispatcherServlet': initialization completed in 18 ms
2019-10-30 15:10:52.338 DEBUG 18456 --- [XNIO-2 task-21] c.winnerdt.controller.WxUserController   : {openId=456}
2019-10-30 15:10:52.603  INFO 18456 --- [XNIO-2 task-21] com.alibaba.druid.pool.DruidDataSource   : {dataSource-1} inited
2019-10-30 15:10:52.612 DEBUG 18456 --- [XNIO-2 task-21] c.w.dao.WxUserDao.queryObjectbyOpenid    : ==>  Preparing: select * from wx_user where open_id = ? 
2019-10-30 15:10:52.804 DEBUG 18456 --- [XNIO-2 task-21] c.w.dao.WxUserDao.queryObjectbyOpenid    : ==> Parameters: 456(String)
2019-10-30 15:10:52.849 DEBUG 18456 --- [XNIO-2 task-21] c.w.dao.WxUserDao.queryObjectbyOpenid    : <==      Total: 0
2019-10-30 15:10:52.850  WARN 18456 --- [XNIO-2 task-21] c.w.service.impl.WxUserServiceImpl       : 是新用户，跳转到用户授权页！
2019-10-30 15:30:12.481 DEBUG 18456 --- [XNIO-2 task-23] c.winnerdt.controller.WxUserController   : {additionalProp1=string, additionalProp2=string, additionalProp3=string}
