2019-04-30 14:44:57,822 [INFO] [main] com.winnerdt.ApiApplication [StartupInfoLogger.java : 50] Starting ApiApplication on DESKTOP-CUD9MR5 with PID 9368 (E:\workspace\IdeaProjects\shell_server\master-api\target\classes started by user in E:\workspace\IdeaProjects\shell_server)
2019-04-30 14:44:57,828 [DEBUG] [main] com.winnerdt.ApiApplication [StartupInfoLogger.java : 53] Running with Spring Boot v2.0.5.RELEASE, Spring v5.0.9.RELEASE
2019-04-30 14:44:57,828 [INFO] [main] com.winnerdt.ApiApplication [SpringApplication.java : 684] The following profiles are active: dev
2019-04-30 14:44:57,901 [INFO] [main] o.s.b.w.s.c.AnnotationConfigServletWebServerApplicationContext [AbstractApplicationContext.java : 590] Refreshing org.springframework.boot.web.servlet.context.AnnotationConfigServletWebServerApplicationContext@15dcfae7: startup date [Tue Apr 30 14:44:57 CST 2019]; root of context hierarchy
2019-04-30 14:44:58,583 [INFO] [main] o.s.beans.factory.support.DefaultListableBeanFactory [DefaultListableBeanFactory.java : 821] Overriding bean definition for bean 'websocketContainerCustomizer' with a different definition: replacing [Root bean: class [null]; scope=; abstract=false; lazyInit=false; autowireMode=3; dependencyCheck=0; autowireCandidate=true; primary=false; factoryBeanName=org.springframework.boot.autoconfigure.websocket.servlet.WebSocketServletAutoConfiguration$UndertowWebSocketConfiguration; factoryMethodName=websocketContainerCustomizer; initMethodName=null; destroyMethodName=(inferred); defined in class path resource [org/springframework/boot/autoconfigure/websocket/servlet/WebSocketServletAutoConfiguration$UndertowWebSocketConfiguration.class]] with [Root bean: class [null]; scope=; abstract=false; lazyInit=false; autowireMode=3; dependencyCheck=0; autowireCandidate=true; primary=false; factoryBeanName=org.springframework.boot.autoconfigure.websocket.servlet.WebSocketServletAutoConfiguration$TomcatWebSocketConfiguration; factoryMethodName=websocketContainerCustomizer; initMethodName=null; destroyMethodName=(inferred); defined in class path resource [org/springframework/boot/autoconfigure/websocket/servlet/WebSocketServletAutoConfiguration$TomcatWebSocketConfiguration.class]]
2019-04-30 14:44:58,728 [INFO] [main] o.s.data.repository.config.RepositoryConfigurationDelegate [RepositoryConfigurationDelegate.java : 172] Multiple Spring Data modules found, entering strict repository configuration mode!
2019-04-30 14:44:59,147 [INFO] [main] o.s.c.s.PostProcessorRegistrationDelegate$BeanPostProcessorChecker [PostProcessorRegistrationDelegate.java : 326] Bean 'org.springframework.transaction.annotation.ProxyTransactionManagementConfiguration' of type [org.springframework.transaction.annotation.ProxyTransactionManagementConfiguration$$EnhancerBySpringCGLIB$$ad053d91] is not eligible for getting processed by all BeanPostProcessors (for example: not eligible for auto-proxying)
2019-04-30 14:44:59,674 [INFO] [main] org.springframework.boot.web.embedded.tomcat.TomcatWebServer [TomcatWebServer.java : 91] Tomcat initialized with port(s): 9002 (http)
2019-04-30 14:44:59,695 [INFO] [main] org.apache.catalina.core.StandardService [DirectJDKLog.java : 180] Starting service [Tomcat]
2019-04-30 14:44:59,696 [INFO] [main] org.apache.catalina.core.StandardEngine [DirectJDKLog.java : 180] Starting Servlet Engine: Apache Tomcat/8.5.34
2019-04-30 14:44:59,700 [INFO] [localhost-startStop-1] org.apache.catalina.core.AprLifecycleListener [DirectJDKLog.java : 180] The APR based Apache Tomcat Native library which allows optimal performance in production environments was not found on the java.library.path: [C:\Program Files\Java\jdk1.8.0_152\bin;C:\WINDOWS\Sun\Java\bin;C:\WINDOWS\system32;C:\WINDOWS;C:\Program Files\VanDyke Software\Clients\;C:\Program Files\Java\jdk1.8.0_152\jre\bin;C:\Program Files\Java\jdk1.8.0_152\bin;C:\WINDOWS\system32;C:\WINDOWS;C:\WINDOWS\System32\Wbem;C:\WINDOWS\System32\WindowsPowerShell\v1.0\;C:\Program Files (x86)\GtkSharp\2.12\bin;C:\WINDOWS\system32\config\systemprofile\.dnx\bin;C:\Program Files\Microsoft DNX\Dnvm\;C:\Program Files\Microsoft SQL Server\130\Tools\Binn\;E:\Program Files (x86)\MySQL\MySQL Server 5.5\bin;C:\Program Files\MySQL\MySQL Utilities 1.6\;D:\maven\bin;C:\WINDOWS\System32\OpenSSH\;C:\Program Files\nodejs\;C:\Program Files (x86)\Microsoft SQL Server\140\Tools\Binn\;C:\Program Files\Microsoft SQL Server\140\Tools\Binn\;C:\Program Files (x86)\Microsoft SQL Server\140\DTS\Binn\;C:\Program Files\Microsoft SQL Server\140\DTS\Binn\;C:\Program Files\Microsoft SQL Server\Client SDK\ODBC\130\Tools\Binn\;C:\Program Files (x86)\Microsoft SQL Server\Client SDK\ODBC\130\Tools\Binn\;C:\Program Files (x86)\Microsoft SQL Server\140\Tools\Binn\ManagementStudio\;C:\Program Files\dotnet\;C:\Program Files\Git\cmd;"C:\Users\user\AppData\Local\Microsoft\WindowsApps;D:\apache-maven-3.5.3\bin;C:\Program Files\Java\jdk1.8.0_152\bin;";C:\Users\user\AppData\Local\GitHubDesktop\bin;C:\Users\user\AppData\Local\Microsoft\WindowsApps;D:\IntelliJ IDEA 2018.3.2\bin;;C:\Users\user\AppData\Roaming\npm;C:\Program Files\JetBrains\JetBrains Rider 2018.3.4\bin;;.]
2019-04-30 14:44:59,819 [INFO] [localhost-startStop-1] o.a.c.core.ContainerBase.[Tomcat].[localhost].[/shell-api] [DirectJDKLog.java : 180] Initializing Spring embedded WebApplicationContext
2019-04-30 14:44:59,819 [INFO] [localhost-startStop-1] org.springframework.web.context.ContextLoader [ServletWebServerApplicationContext.java : 285] Root WebApplicationContext: initialization completed in 1919 ms
2019-04-30 14:44:59,936 [INFO] [localhost-startStop-1] org.springframework.boot.web.servlet.FilterRegistrationBean [AbstractFilterRegistrationBean.java : 245] Mapping filter: 'characterEncodingFilter' to: [/*]
2019-04-30 14:44:59,937 [INFO] [localhost-startStop-1] org.springframework.boot.web.servlet.FilterRegistrationBean [AbstractFilterRegistrationBean.java : 245] Mapping filter: 'hiddenHttpMethodFilter' to: [/*]
2019-04-30 14:44:59,937 [INFO] [localhost-startStop-1] org.springframework.boot.web.servlet.FilterRegistrationBean [AbstractFilterRegistrationBean.java : 245] Mapping filter: 'httpPutFormContentFilter' to: [/*]
2019-04-30 14:44:59,937 [INFO] [localhost-startStop-1] org.springframework.boot.web.servlet.FilterRegistrationBean [AbstractFilterRegistrationBean.java : 245] Mapping filter: 'requestContextFilter' to: [/*]
2019-04-30 14:44:59,937 [INFO] [localhost-startStop-1] org.springframework.boot.web.servlet.FilterRegistrationBean [AbstractFilterRegistrationBean.java : 258] Mapping filter: 'xssFilter' to urls: [/*]
2019-04-30 14:44:59,937 [INFO] [localhost-startStop-1] org.springframework.boot.web.servlet.FilterRegistrationBean [AbstractFilterRegistrationBean.java : 258] Mapping filter: 'webStatFilter' to urls: [/*]
2019-04-30 14:44:59,938 [INFO] [localhost-startStop-1] org.springframework.boot.web.servlet.ServletRegistrationBean [ServletRegistrationBean.java : 187] Servlet dispatcherServlet mapped to [/]
2019-04-30 14:44:59,939 [INFO] [localhost-startStop-1] org.springframework.boot.web.servlet.ServletRegistrationBean [ServletRegistrationBean.java : 187] Servlet statViewServlet mapped to [/druid/*]
2019-04-30 14:45:00,231 [WARN] [main] org.mybatis.spring.SqlSessionFactoryBean [MybatisSqlSessionFactoryBean.java : 457] Can't find class in '[com.winnerdt.modules.*.entity]' package. Please check your configuration.
2019-04-30 14:45:01,493 [INFO] [main] o.s.w.s.mvc.method.annotation.RequestMappingHandlerMapping [AbstractHandlerMethodMapping.java : 549] Mapped "{[/api/logout],methods=[POST]}" onto public com.winnerdt.common.utils.R com.winnerdt.controller.ApiLoginController.logout(long)
2019-04-30 14:45:01,495 [INFO] [main] o.s.w.s.mvc.method.annotation.RequestMappingHandlerMapping [AbstractHandlerMethodMapping.java : 549] Mapped "{[/api/login],methods=[POST]}" onto public com.winnerdt.common.utils.R com.winnerdt.controller.ApiLoginController.login(com.winnerdt.form.LoginForm)
2019-04-30 14:45:01,495 [INFO] [main] o.s.w.s.mvc.method.annotation.RequestMappingHandlerMapping [AbstractHandlerMethodMapping.java : 549] Mapped "{[/api/register],methods=[POST]}" onto public com.winnerdt.common.utils.R com.winnerdt.controller.ApiRegisterController.register(com.winnerdt.form.RegisterForm)
2019-04-30 14:45:01,497 [INFO] [main] o.s.w.s.mvc.method.annotation.RequestMappingHandlerMapping [AbstractHandlerMethodMapping.java : 549] Mapped "{[/api/userId],methods=[GET]}" onto public com.winnerdt.common.utils.R com.winnerdt.controller.ApiTestController.userInfo(java.lang.Integer)
2019-04-30 14:45:01,497 [INFO] [main] o.s.w.s.mvc.method.annotation.RequestMappingHandlerMapping [AbstractHandlerMethodMapping.java : 549] Mapped "{[/api/userInfo],methods=[GET]}" onto public com.winnerdt.common.utils.R com.winnerdt.controller.ApiTestController.userInfo(com.winnerdt.entity.UserEntity)
2019-04-30 14:45:01,497 [INFO] [main] o.s.w.s.mvc.method.annotation.RequestMappingHandlerMapping [AbstractHandlerMethodMapping.java : 549] Mapped "{[/api/notToken],methods=[GET]}" onto public com.winnerdt.common.utils.R com.winnerdt.controller.ApiTestController.notToken()
2019-04-30 14:45:01,499 [INFO] [main] o.s.w.s.mvc.method.annotation.RequestMappingHandlerMapping [AbstractHandlerMethodMapping.java : 549] Mapped "{[/api/user/getUserInfo],methods=[POST]}" onto public com.winnerdt.common.utils.R com.winnerdt.controller.WxUserController.getUserInfo(java.util.Map<java.lang.String, java.lang.String>)
2019-04-30 14:45:01,499 [INFO] [main] o.s.w.s.mvc.method.annotation.RequestMappingHandlerMapping [AbstractHandlerMethodMapping.java : 549] Mapped "{[/api/user/getUserPhone],methods=[POST]}" onto public com.winnerdt.common.utils.R com.winnerdt.controller.WxUserController.getUserPhone(java.util.Map<java.lang.String, java.lang.String>)
2019-04-30 14:45:01,500 [INFO] [main] o.s.w.s.mvc.method.annotation.RequestMappingHandlerMapping [AbstractHandlerMethodMapping.java : 549] Mapped "{[/api/user/login],methods=[POST]}" onto public com.winnerdt.common.utils.R com.winnerdt.controller.WxUserController.userLogin(java.util.Map<java.lang.String, java.lang.Object>)
2019-04-30 14:45:01,500 [INFO] [main] o.s.w.s.mvc.method.annotation.RequestMappingHandlerMapping [AbstractHandlerMethodMapping.java : 549] Mapped "{[/api/user/regist],methods=[POST]}" onto public com.winnerdt.common.utils.R com.winnerdt.controller.WxUserController.regist(java.util.Map<java.lang.String, java.lang.String>)
2019-04-30 14:45:01,500 [INFO] [main] o.s.w.s.mvc.method.annotation.RequestMappingHandlerMapping [AbstractHandlerMethodMapping.java : 549] Mapped "{[/api/user/getUserMessage],methods=[POST]}" onto public com.winnerdt.common.utils.R com.winnerdt.controller.WxUserController.getUserMessage(java.util.Map<java.lang.String, java.lang.String>)
2019-04-30 14:45:01,501 [INFO] [main] o.s.w.s.mvc.method.annotation.RequestMappingHandlerMapping [AbstractHandlerMethodMapping.java : 549] Mapped "{[/api/user/isOldUser],methods=[POST]}" onto public com.winnerdt.common.utils.R com.winnerdt.controller.WxUserController.isOldUser(java.util.Map<java.lang.String, java.lang.String>)
2019-04-30 14:45:01,507 [INFO] [main] o.s.w.s.mvc.method.annotation.RequestMappingHandlerMapping [AbstractHandlerMethodMapping.java : 549] Mapped "{[/swagger-resources/configuration/security]}" onto public org.springframework.http.ResponseEntity<springfox.documentation.swagger.web.SecurityConfiguration> springfox.documentation.swagger.web.ApiResourceController.securityConfiguration()
2019-04-30 14:45:01,508 [INFO] [main] o.s.w.s.mvc.method.annotation.RequestMappingHandlerMapping [AbstractHandlerMethodMapping.java : 549] Mapped "{[/swagger-resources]}" onto public org.springframework.http.ResponseEntity<java.util.List<springfox.documentation.swagger.web.SwaggerResource>> springfox.documentation.swagger.web.ApiResourceController.swaggerResources()
2019-04-30 14:45:01,508 [INFO] [main] o.s.w.s.mvc.method.annotation.RequestMappingHandlerMapping [AbstractHandlerMethodMapping.java : 549] Mapped "{[/swagger-resources/configuration/ui]}" onto public org.springframework.http.ResponseEntity<springfox.documentation.swagger.web.UiConfiguration> springfox.documentation.swagger.web.ApiResourceController.uiConfiguration()
2019-04-30 14:45:01,511 [INFO] [main] o.s.w.s.mvc.method.annotation.RequestMappingHandlerMapping [AbstractHandlerMethodMapping.java : 549] Mapped "{[/error]}" onto public org.springframework.http.ResponseEntity<java.util.Map<java.lang.String, java.lang.Object>> org.springframework.boot.autoconfigure.web.servlet.error.BasicErrorController.error(javax.servlet.http.HttpServletRequest)
2019-04-30 14:45:01,511 [INFO] [main] o.s.w.s.mvc.method.annotation.RequestMappingHandlerMapping [AbstractHandlerMethodMapping.java : 549] Mapped "{[/error],produces=[text/html]}" onto public org.springframework.web.servlet.ModelAndView org.springframework.boot.autoconfigure.web.servlet.error.BasicErrorController.errorHtml(javax.servlet.http.HttpServletRequest,javax.servlet.http.HttpServletResponse)
2019-04-30 14:45:01,648 [INFO] [main] s.d.spring.web.PropertySourcedRequestMappingHandlerMapping [PropertySourcedRequestMappingHandlerMapping.java : 69] Mapped URL path [/v2/api-docs] onto method [public org.springframework.http.ResponseEntity<springfox.documentation.spring.web.json.Json> springfox.documentation.swagger2.web.Swagger2Controller.getDocumentation(java.lang.String,javax.servlet.http.HttpServletRequest)]
2019-04-30 14:45:01,813 [INFO] [main] o.s.web.servlet.handler.SimpleUrlHandlerMapping [AbstractUrlHandlerMapping.java : 373] Mapped URL path [/**/favicon.ico] onto handler of type [class org.springframework.web.servlet.resource.ResourceHttpRequestHandler]
2019-04-30 14:45:02,002 [INFO] [main] o.s.w.s.mvc.method.annotation.RequestMappingHandlerAdapter [RequestMappingHandlerAdapter.java : 588] Looking for @ControllerAdvice: org.springframework.boot.web.servlet.context.AnnotationConfigServletWebServerApplicationContext@15dcfae7: startup date [Tue Apr 30 14:44:57 CST 2019]; root of context hierarchy
2019-04-30 14:45:02,082 [INFO] [main] o.s.web.servlet.handler.SimpleUrlHandlerMapping [AbstractUrlHandlerMapping.java : 373] Mapped URL path [/webjars/**] onto handler of type [class org.springframework.web.servlet.resource.ResourceHttpRequestHandler]
2019-04-30 14:45:02,082 [INFO] [main] o.s.web.servlet.handler.SimpleUrlHandlerMapping [AbstractUrlHandlerMapping.java : 373] Mapped URL path [/**] onto handler of type [class org.springframework.web.servlet.resource.ResourceHttpRequestHandler]
2019-04-30 14:45:02,098 [INFO] [main] o.s.w.s.m.m.annotation.ExceptionHandlerExceptionResolver [ExceptionHandlerExceptionResolver.java : 288] Detected @ExceptionHandler methods in RRExceptionHandler
2019-04-30 14:45:02,585 [INFO] [main] o.s.jmx.export.annotation.AnnotationMBeanExporter [MBeanExporter.java : 433] Registering beans for JMX exposure on startup
2019-04-30 14:45:02,586 [INFO] [main] o.s.jmx.export.annotation.AnnotationMBeanExporter [MBeanExporter.java : 895] Bean with name 'dataSource' has been autodetected for JMX exposure
2019-04-30 14:45:02,587 [INFO] [main] o.s.jmx.export.annotation.AnnotationMBeanExporter [MBeanExporter.java : 895] Bean with name 'statFilter' has been autodetected for JMX exposure
2019-04-30 14:45:02,594 [INFO] [main] o.s.jmx.export.annotation.AnnotationMBeanExporter [MBeanExporter.java : 668] Located MBean 'dataSource': registering with JMX server as MBean [com.alibaba.druid.spring.boot.autoconfigure:name=dataSource,type=DruidDataSourceWrapper]
2019-04-30 14:45:02,596 [INFO] [main] o.s.jmx.export.annotation.AnnotationMBeanExporter [MBeanExporter.java : 668] Located MBean 'statFilter': registering with JMX server as MBean [com.alibaba.druid.filter.stat:name=statFilter,type=StatFilter]
2019-04-30 14:45:02,600 [INFO] [main] o.springframework.context.support.DefaultLifecycleProcessor [DefaultLifecycleProcessor.java : 356] Starting beans in phase 2147483647
2019-04-30 14:45:02,600 [INFO] [main] s.d.spring.web.plugins.DocumentationPluginsBootstrapper [DocumentationPluginsBootstrapper.java : 160] Context refreshed
2019-04-30 14:45:02,617 [INFO] [main] s.d.spring.web.plugins.DocumentationPluginsBootstrapper [DocumentationPluginsBootstrapper.java : 163] Found 1 custom documentation plugin(s)
2019-04-30 14:45:02,649 [INFO] [main] s.d.spring.web.scanners.ApiListingReferenceScanner [ApiListingReferenceScanner.java : 41] Scanning for api listing references
2019-04-30 14:45:02,785 [INFO] [main] s.d.s.web.readers.operation.CachingOperationNameGenerator [CachingOperationNameGenerator.java : 40] Generating unique operation named: userInfoUsingGET_1
2019-04-30 14:45:02,844 [INFO] [main] org.springframework.boot.web.embedded.tomcat.TomcatWebServer [TomcatWebServer.java : 206] Tomcat started on port(s): 9002 (http) with context path '/shell-api'
2019-04-30 14:45:02,850 [INFO] [main] com.winnerdt.ApiApplication [StartupInfoLogger.java : 59] Started ApiApplication in 5.462 seconds (JVM running for 7.129)
2019-04-30 14:49:41,724 [INFO] [http-nio-9002-exec-2] o.a.c.core.ContainerBase.[Tomcat].[localhost].[/shell-api] [DirectJDKLog.java : 180] Initializing Spring FrameworkServlet 'dispatcherServlet'
2019-04-30 14:49:41,725 [INFO] [http-nio-9002-exec-2] org.springframework.web.servlet.DispatcherServlet [FrameworkServlet.java : 494] FrameworkServlet 'dispatcherServlet': initialization started
2019-04-30 14:49:41,746 [INFO] [http-nio-9002-exec-2] org.springframework.web.servlet.DispatcherServlet [FrameworkServlet.java : 509] FrameworkServlet 'dispatcherServlet': initialization completed in 21 ms
2019-04-30 14:49:41,867 [DEBUG] [http-nio-9002-exec-2] com.winnerdt.controller.WxUserController [WxUserController.java : 77] {"code":"023iZcdf2bHgyH0l0Xcf2DDydf2iZcdt","sceneAddress":1011}
2019-04-30 14:49:41,911 [DEBUG] [http-nio-9002-exec-1] com.winnerdt.controller.WxUserController [WxUserController.java : 347] {}
2019-04-30 14:49:57,269 [DEBUG] [http-nio-9002-exec-4] com.winnerdt.controller.WxUserController [WxUserController.java : 77] {"code":"0331J3G10U3VqI1AOlG10FCcG101J3Gp","scene":{"q":"1","d":"2"},"sceneAddress":1011}
2019-04-30 14:49:57,864 [INFO] [http-nio-9002-exec-4] com.winnerdt.controller.WxUserController [WxUserController.java : 107] session_key: LabNewPnwICZMmHNW8w95A==
2019-04-30 14:49:57,864 [INFO] [http-nio-9002-exec-4] com.winnerdt.controller.WxUserController [WxUserController.java : 108] openId: okrZJ5LQwg6NXbGg8CWA86I76L6E
2019-04-30 14:49:58,076 [INFO] [http-nio-9002-exec-4] com.alibaba.druid.pool.DruidDataSource [DruidDataSource.java : 930] {dataSource-1} inited
2019-04-30 14:49:58,084 [DEBUG] [http-nio-9002-exec-4] com.winnerdt.dao.WxUserDao.queryObjectbyOpenid [BaseJdbcLogger.java : 159] ==>  Preparing: select * from wx_user where open_id = ? 
2019-04-30 14:49:58,108 [DEBUG] [http-nio-9002-exec-4] com.winnerdt.dao.WxUserDao.queryObjectbyOpenid [BaseJdbcLogger.java : 159] ==> Parameters: okrZJ5LQwg6NXbGg8CWA86I76L6E(String)
2019-04-30 14:49:58,130 [DEBUG] [http-nio-9002-exec-4] com.winnerdt.dao.WxUserDao.queryObjectbyOpenid [BaseJdbcLogger.java : 159] <==      Total: 0
2019-04-30 14:50:07,883 [ERROR] [http-nio-9002-exec-4] com.winnerdt.controller.WxUserController [WxUserController.java : 150] 二维码携带参数解析异常，源数据为："{q=1, d=2}"：：：：时间：2019-04-30 14:50:07
2019-04-30 14:50:07,898 [DEBUG] [http-nio-9002-exec-5] com.winnerdt.controller.WxUserController [WxUserController.java : 347] {}
2019-04-30 14:54:22,783 [DEBUG] [http-nio-9002-exec-6] com.winnerdt.controller.WxUserController [WxUserController.java : 77] {"code":"033OJDwr1Anvzk0hPtur1AZfwr1OJDwn","scene":{"shareId":"1","deptId":"2"},"sceneAddress":1011}
2019-04-30 14:54:23,041 [INFO] [http-nio-9002-exec-6] com.winnerdt.controller.WxUserController [WxUserController.java : 107] session_key: R7FC6bbLyE8mhzbHrLisiA==
2019-04-30 14:54:23,041 [INFO] [http-nio-9002-exec-6] com.winnerdt.controller.WxUserController [WxUserController.java : 108] openId: okrZJ5LQwg6NXbGg8CWA86I76L6E
2019-04-30 14:54:23,046 [DEBUG] [http-nio-9002-exec-6] com.winnerdt.dao.WxUserDao.queryObjectbyOpenid [BaseJdbcLogger.java : 159] ==>  Preparing: select * from wx_user where open_id = ? 
2019-04-30 14:54:23,047 [DEBUG] [http-nio-9002-exec-6] com.winnerdt.dao.WxUserDao.queryObjectbyOpenid [BaseJdbcLogger.java : 159] ==> Parameters: okrZJ5LQwg6NXbGg8CWA86I76L6E(String)
2019-04-30 14:54:23,049 [DEBUG] [http-nio-9002-exec-6] com.winnerdt.dao.WxUserDao.queryObjectbyOpenid [BaseJdbcLogger.java : 159] <==      Total: 0
2019-04-30 14:54:29,754 [DEBUG] [http-nio-9002-exec-6] com.winnerdt.dao.QRCodeInfoDao.queryQrCodeById [BaseJdbcLogger.java : 159] ==>  Preparing: SELECT * FROM `qrcode_info` qi WHERE qi.id = ? 
2019-04-30 14:54:29,758 [DEBUG] [http-nio-9002-exec-6] com.winnerdt.dao.QRCodeInfoDao.queryQrCodeById [BaseJdbcLogger.java : 159] ==> Parameters: 2(Integer)
2019-04-30 14:54:29,762 [DEBUG] [http-nio-9002-exec-6] com.winnerdt.dao.QRCodeInfoDao.queryQrCodeById [BaseJdbcLogger.java : 159] <==      Total: 0
2019-04-30 14:54:35,555 [ERROR] [http-nio-9002-exec-6] com.winnerdt.controller.WxUserController [WxUserController.java : 150] 二维码携带参数解析异常，源数据为："{shareId=1, deptId=2}"：：：：时间：2019-04-30 14:54:34
2019-04-30 14:54:35,569 [DEBUG] [http-nio-9002-exec-7] com.winnerdt.controller.WxUserController [WxUserController.java : 347] {}
2019-04-30 14:54:49,852 [INFO] [Thread-14] o.s.b.w.s.c.AnnotationConfigServletWebServerApplicationContext [AbstractApplicationContext.java : 993] Closing org.springframework.boot.web.servlet.context.AnnotationConfigServletWebServerApplicationContext@15dcfae7: startup date [Tue Apr 30 14:44:57 CST 2019]; root of context hierarchy
2019-04-30 14:54:49,854 [INFO] [Thread-14] o.springframework.context.support.DefaultLifecycleProcessor [DefaultLifecycleProcessor.java : 369] Stopping beans in phase 2147483647
2019-04-30 14:54:49,856 [INFO] [Thread-14] o.s.jmx.export.annotation.AnnotationMBeanExporter [MBeanExporter.java : 451] Unregistering JMX-exposed beans on shutdown
2019-04-30 14:54:49,856 [INFO] [Thread-14] o.s.jmx.export.annotation.AnnotationMBeanExporter [MBeanRegistrationSupport.java : 185] Unregistering JMX-exposed beans
2019-04-30 14:54:49,877 [INFO] [Thread-14] com.alibaba.druid.pool.DruidDataSource [DruidDataSource.java : 1825] {dataSource-1} closed
2019-04-30 14:54:57,236 [INFO] [main] com.winnerdt.ApiApplication [StartupInfoLogger.java : 50] Starting ApiApplication on DESKTOP-CUD9MR5 with PID 13076 (E:\workspace\IdeaProjects\shell_server\master-api\target\classes started by user in E:\workspace\IdeaProjects\shell_server)
2019-04-30 14:54:57,240 [DEBUG] [main] com.winnerdt.ApiApplication [StartupInfoLogger.java : 53] Running with Spring Boot v2.0.5.RELEASE, Spring v5.0.9.RELEASE
2019-04-30 14:54:57,240 [INFO] [main] com.winnerdt.ApiApplication [SpringApplication.java : 684] The following profiles are active: dev
2019-04-30 14:54:57,329 [INFO] [main] o.s.b.w.s.c.AnnotationConfigServletWebServerApplicationContext [AbstractApplicationContext.java : 590] Refreshing org.springframework.boot.web.servlet.context.AnnotationConfigServletWebServerApplicationContext@2dd29a59: startup date [Tue Apr 30 14:54:57 CST 2019]; root of context hierarchy
2019-04-30 14:54:58,033 [INFO] [main] o.s.beans.factory.support.DefaultListableBeanFactory [DefaultListableBeanFactory.java : 821] Overriding bean definition for bean 'websocketContainerCustomizer' with a different definition: replacing [Root bean: class [null]; scope=; abstract=false; lazyInit=false; autowireMode=3; dependencyCheck=0; autowireCandidate=true; primary=false; factoryBeanName=org.springframework.boot.autoconfigure.websocket.servlet.WebSocketServletAutoConfiguration$UndertowWebSocketConfiguration; factoryMethodName=websocketContainerCustomizer; initMethodName=null; destroyMethodName=(inferred); defined in class path resource [org/springframework/boot/autoconfigure/websocket/servlet/WebSocketServletAutoConfiguration$UndertowWebSocketConfiguration.class]] with [Root bean: class [null]; scope=; abstract=false; lazyInit=false; autowireMode=3; dependencyCheck=0; autowireCandidate=true; primary=false; factoryBeanName=org.springframework.boot.autoconfigure.websocket.servlet.WebSocketServletAutoConfiguration$TomcatWebSocketConfiguration; factoryMethodName=websocketContainerCustomizer; initMethodName=null; destroyMethodName=(inferred); defined in class path resource [org/springframework/boot/autoconfigure/websocket/servlet/WebSocketServletAutoConfiguration$TomcatWebSocketConfiguration.class]]
2019-04-30 14:54:58,173 [INFO] [main] o.s.data.repository.config.RepositoryConfigurationDelegate [RepositoryConfigurationDelegate.java : 172] Multiple Spring Data modules found, entering strict repository configuration mode!
2019-04-30 14:54:58,585 [INFO] [main] o.s.c.s.PostProcessorRegistrationDelegate$BeanPostProcessorChecker [PostProcessorRegistrationDelegate.java : 326] Bean 'org.springframework.transaction.annotation.ProxyTransactionManagementConfiguration' of type [org.springframework.transaction.annotation.ProxyTransactionManagementConfiguration$$EnhancerBySpringCGLIB$$c34a0847] is not eligible for getting processed by all BeanPostProcessors (for example: not eligible for auto-proxying)
2019-04-30 14:54:59,131 [INFO] [main] org.springframework.boot.web.embedded.tomcat.TomcatWebServer [TomcatWebServer.java : 91] Tomcat initialized with port(s): 9002 (http)
2019-04-30 14:54:59,157 [INFO] [main] org.apache.catalina.core.StandardService [DirectJDKLog.java : 180] Starting service [Tomcat]
2019-04-30 14:54:59,157 [INFO] [main] org.apache.catalina.core.StandardEngine [DirectJDKLog.java : 180] Starting Servlet Engine: Apache Tomcat/8.5.34
2019-04-30 14:54:59,161 [INFO] [localhost-startStop-1] org.apache.catalina.core.AprLifecycleListener [DirectJDKLog.java : 180] The APR based Apache Tomcat Native library which allows optimal performance in production environments was not found on the java.library.path: [C:\Program Files\Java\jdk1.8.0_152\bin;C:\WINDOWS\Sun\Java\bin;C:\WINDOWS\system32;C:\WINDOWS;C:\Program Files\VanDyke Software\Clients\;C:\Program Files\Java\jdk1.8.0_152\jre\bin;C:\Program Files\Java\jdk1.8.0_152\bin;C:\WINDOWS\system32;C:\WINDOWS;C:\WINDOWS\System32\Wbem;C:\WINDOWS\System32\WindowsPowerShell\v1.0\;C:\Program Files (x86)\GtkSharp\2.12\bin;C:\WINDOWS\system32\config\systemprofile\.dnx\bin;C:\Program Files\Microsoft DNX\Dnvm\;C:\Program Files\Microsoft SQL Server\130\Tools\Binn\;E:\Program Files (x86)\MySQL\MySQL Server 5.5\bin;C:\Program Files\MySQL\MySQL Utilities 1.6\;D:\maven\bin;C:\WINDOWS\System32\OpenSSH\;C:\Program Files\nodejs\;C:\Program Files (x86)\Microsoft SQL Server\140\Tools\Binn\;C:\Program Files\Microsoft SQL Server\140\Tools\Binn\;C:\Program Files (x86)\Microsoft SQL Server\140\DTS\Binn\;C:\Program Files\Microsoft SQL Server\140\DTS\Binn\;C:\Program Files\Microsoft SQL Server\Client SDK\ODBC\130\Tools\Binn\;C:\Program Files (x86)\Microsoft SQL Server\Client SDK\ODBC\130\Tools\Binn\;C:\Program Files (x86)\Microsoft SQL Server\140\Tools\Binn\ManagementStudio\;C:\Program Files\dotnet\;C:\Program Files\Git\cmd;"C:\Users\user\AppData\Local\Microsoft\WindowsApps;D:\apache-maven-3.5.3\bin;C:\Program Files\Java\jdk1.8.0_152\bin;";C:\Users\user\AppData\Local\GitHubDesktop\bin;C:\Users\user\AppData\Local\Microsoft\WindowsApps;D:\IntelliJ IDEA 2018.3.2\bin;;C:\Users\user\AppData\Roaming\npm;C:\Program Files\JetBrains\JetBrains Rider 2018.3.4\bin;;.]
2019-04-30 14:54:59,280 [INFO] [localhost-startStop-1] o.a.c.core.ContainerBase.[Tomcat].[localhost].[/shell-api] [DirectJDKLog.java : 180] Initializing Spring embedded WebApplicationContext
2019-04-30 14:54:59,280 [INFO] [localhost-startStop-1] org.springframework.web.context.ContextLoader [ServletWebServerApplicationContext.java : 285] Root WebApplicationContext: initialization completed in 1952 ms
2019-04-30 14:54:59,404 [INFO] [localhost-startStop-1] org.springframework.boot.web.servlet.FilterRegistrationBean [AbstractFilterRegistrationBean.java : 245] Mapping filter: 'characterEncodingFilter' to: [/*]
2019-04-30 14:54:59,405 [INFO] [localhost-startStop-1] org.springframework.boot.web.servlet.FilterRegistrationBean [AbstractFilterRegistrationBean.java : 245] Mapping filter: 'hiddenHttpMethodFilter' to: [/*]
2019-04-30 14:54:59,405 [INFO] [localhost-startStop-1] org.springframework.boot.web.servlet.FilterRegistrationBean [AbstractFilterRegistrationBean.java : 245] Mapping filter: 'httpPutFormContentFilter' to: [/*]
2019-04-30 14:54:59,405 [INFO] [localhost-startStop-1] org.springframework.boot.web.servlet.FilterRegistrationBean [AbstractFilterRegistrationBean.java : 245] Mapping filter: 'requestContextFilter' to: [/*]
2019-04-30 14:54:59,405 [INFO] [localhost-startStop-1] org.springframework.boot.web.servlet.FilterRegistrationBean [AbstractFilterRegistrationBean.java : 258] Mapping filter: 'xssFilter' to urls: [/*]
2019-04-30 14:54:59,406 [INFO] [localhost-startStop-1] org.springframework.boot.web.servlet.FilterRegistrationBean [AbstractFilterRegistrationBean.java : 258] Mapping filter: 'webStatFilter' to urls: [/*]
2019-04-30 14:54:59,406 [INFO] [localhost-startStop-1] org.springframework.boot.web.servlet.ServletRegistrationBean [ServletRegistrationBean.java : 187] Servlet dispatcherServlet mapped to [/]
2019-04-30 14:54:59,407 [INFO] [localhost-startStop-1] org.springframework.boot.web.servlet.ServletRegistrationBean [ServletRegistrationBean.java : 187] Servlet statViewServlet mapped to [/druid/*]
2019-04-30 14:54:59,710 [WARN] [main] org.mybatis.spring.SqlSessionFactoryBean [MybatisSqlSessionFactoryBean.java : 457] Can't find class in '[com.winnerdt.modules.*.entity]' package. Please check your configuration.
2019-04-30 14:55:01,050 [INFO] [main] o.s.w.s.mvc.method.annotation.RequestMappingHandlerMapping [AbstractHandlerMethodMapping.java : 549] Mapped "{[/api/logout],methods=[POST]}" onto public com.winnerdt.common.utils.R com.winnerdt.controller.ApiLoginController.logout(long)
2019-04-30 14:55:01,051 [INFO] [main] o.s.w.s.mvc.method.annotation.RequestMappingHandlerMapping [AbstractHandlerMethodMapping.java : 549] Mapped "{[/api/login],methods=[POST]}" onto public com.winnerdt.common.utils.R com.winnerdt.controller.ApiLoginController.login(com.winnerdt.form.LoginForm)
2019-04-30 14:55:01,052 [INFO] [main] o.s.w.s.mvc.method.annotation.RequestMappingHandlerMapping [AbstractHandlerMethodMapping.java : 549] Mapped "{[/api/register],methods=[POST]}" onto public com.winnerdt.common.utils.R com.winnerdt.controller.ApiRegisterController.register(com.winnerdt.form.RegisterForm)
2019-04-30 14:55:01,054 [INFO] [main] o.s.w.s.mvc.method.annotation.RequestMappingHandlerMapping [AbstractHandlerMethodMapping.java : 549] Mapped "{[/api/userId],methods=[GET]}" onto public com.winnerdt.common.utils.R com.winnerdt.controller.ApiTestController.userInfo(java.lang.Integer)
2019-04-30 14:55:01,054 [INFO] [main] o.s.w.s.mvc.method.annotation.RequestMappingHandlerMapping [AbstractHandlerMethodMapping.java : 549] Mapped "{[/api/userInfo],methods=[GET]}" onto public com.winnerdt.common.utils.R com.winnerdt.controller.ApiTestController.userInfo(com.winnerdt.entity.UserEntity)
2019-04-30 14:55:01,054 [INFO] [main] o.s.w.s.mvc.method.annotation.RequestMappingHandlerMapping [AbstractHandlerMethodMapping.java : 549] Mapped "{[/api/notToken],methods=[GET]}" onto public com.winnerdt.common.utils.R com.winnerdt.controller.ApiTestController.notToken()
2019-04-30 14:55:01,056 [INFO] [main] o.s.w.s.mvc.method.annotation.RequestMappingHandlerMapping [AbstractHandlerMethodMapping.java : 549] Mapped "{[/api/user/getUserInfo],methods=[POST]}" onto public com.winnerdt.common.utils.R com.winnerdt.controller.WxUserController.getUserInfo(java.util.Map<java.lang.String, java.lang.String>)
2019-04-30 14:55:01,057 [INFO] [main] o.s.w.s.mvc.method.annotation.RequestMappingHandlerMapping [AbstractHandlerMethodMapping.java : 549] Mapped "{[/api/user/isOldUser],methods=[POST]}" onto public com.winnerdt.common.utils.R com.winnerdt.controller.WxUserController.isOldUser(java.util.Map<java.lang.String, java.lang.String>)
2019-04-30 14:55:01,057 [INFO] [main] o.s.w.s.mvc.method.annotation.RequestMappingHandlerMapping [AbstractHandlerMethodMapping.java : 549] Mapped "{[/api/user/regist],methods=[POST]}" onto public com.winnerdt.common.utils.R com.winnerdt.controller.WxUserController.regist(java.util.Map<java.lang.String, java.lang.String>)
2019-04-30 14:55:01,058 [INFO] [main] o.s.w.s.mvc.method.annotation.RequestMappingHandlerMapping [AbstractHandlerMethodMapping.java : 549] Mapped "{[/api/user/getUserPhone],methods=[POST]}" onto public com.winnerdt.common.utils.R com.winnerdt.controller.WxUserController.getUserPhone(java.util.Map<java.lang.String, java.lang.String>)
2019-04-30 14:55:01,058 [INFO] [main] o.s.w.s.mvc.method.annotation.RequestMappingHandlerMapping [AbstractHandlerMethodMapping.java : 549] Mapped "{[/api/user/getUserMessage],methods=[POST]}" onto public com.winnerdt.common.utils.R com.winnerdt.controller.WxUserController.getUserMessage(java.util.Map<java.lang.String, java.lang.String>)
2019-04-30 14:55:01,059 [INFO] [main] o.s.w.s.mvc.method.annotation.RequestMappingHandlerMapping [AbstractHandlerMethodMapping.java : 549] Mapped "{[/api/user/login],methods=[POST]}" onto public com.winnerdt.common.utils.R com.winnerdt.controller.WxUserController.userLogin(java.util.Map<java.lang.String, java.lang.Object>)
2019-04-30 14:55:01,064 [INFO] [main] o.s.w.s.mvc.method.annotation.RequestMappingHandlerMapping [AbstractHandlerMethodMapping.java : 549] Mapped "{[/swagger-resources/configuration/ui]}" onto public org.springframework.http.ResponseEntity<springfox.documentation.swagger.web.UiConfiguration> springfox.documentation.swagger.web.ApiResourceController.uiConfiguration()
2019-04-30 14:55:01,064 [INFO] [main] o.s.w.s.mvc.method.annotation.RequestMappingHandlerMapping [AbstractHandlerMethodMapping.java : 549] Mapped "{[/swagger-resources]}" onto public org.springframework.http.ResponseEntity<java.util.List<springfox.documentation.swagger.web.SwaggerResource>> springfox.documentation.swagger.web.ApiResourceController.swaggerResources()
2019-04-30 14:55:01,065 [INFO] [main] o.s.w.s.mvc.method.annotation.RequestMappingHandlerMapping [AbstractHandlerMethodMapping.java : 549] Mapped "{[/swagger-resources/configuration/security]}" onto public org.springframework.http.ResponseEntity<springfox.documentation.swagger.web.SecurityConfiguration> springfox.documentation.swagger.web.ApiResourceController.securityConfiguration()
2019-04-30 14:55:01,068 [INFO] [main] o.s.w.s.mvc.method.annotation.RequestMappingHandlerMapping [AbstractHandlerMethodMapping.java : 549] Mapped "{[/error]}" onto public org.springframework.http.ResponseEntity<java.util.Map<java.lang.String, java.lang.Object>> org.springframework.boot.autoconfigure.web.servlet.error.BasicErrorController.error(javax.servlet.http.HttpServletRequest)
2019-04-30 14:55:01,069 [INFO] [main] o.s.w.s.mvc.method.annotation.RequestMappingHandlerMapping [AbstractHandlerMethodMapping.java : 549] Mapped "{[/error],produces=[text/html]}" onto public org.springframework.web.servlet.ModelAndView org.springframework.boot.autoconfigure.web.servlet.error.BasicErrorController.errorHtml(javax.servlet.http.HttpServletRequest,javax.servlet.http.HttpServletResponse)
2019-04-30 14:55:01,218 [INFO] [main] s.d.spring.web.PropertySourcedRequestMappingHandlerMapping [PropertySourcedRequestMappingHandlerMapping.java : 69] Mapped URL path [/v2/api-docs] onto method [public org.springframework.http.ResponseEntity<springfox.documentation.spring.web.json.Json> springfox.documentation.swagger2.web.Swagger2Controller.getDocumentation(java.lang.String,javax.servlet.http.HttpServletRequest)]
2019-04-30 14:55:01,396 [INFO] [main] o.s.web.servlet.handler.SimpleUrlHandlerMapping [AbstractUrlHandlerMapping.java : 373] Mapped URL path [/**/favicon.ico] onto handler of type [class org.springframework.web.servlet.resource.ResourceHttpRequestHandler]
2019-04-30 14:55:01,570 [INFO] [main] o.s.w.s.mvc.method.annotation.RequestMappingHandlerAdapter [RequestMappingHandlerAdapter.java : 588] Looking for @ControllerAdvice: org.springframework.boot.web.servlet.context.AnnotationConfigServletWebServerApplicationContext@2dd29a59: startup date [Tue Apr 30 14:54:57 CST 2019]; root of context hierarchy
2019-04-30 14:55:01,623 [INFO] [main] o.s.web.servlet.handler.SimpleUrlHandlerMapping [AbstractUrlHandlerMapping.java : 373] Mapped URL path [/webjars/**] onto handler of type [class org.springframework.web.servlet.resource.ResourceHttpRequestHandler]
2019-04-30 14:55:01,623 [INFO] [main] o.s.web.servlet.handler.SimpleUrlHandlerMapping [AbstractUrlHandlerMapping.java : 373] Mapped URL path [/**] onto handler of type [class org.springframework.web.servlet.resource.ResourceHttpRequestHandler]
2019-04-30 14:55:01,639 [INFO] [main] o.s.w.s.m.m.annotation.ExceptionHandlerExceptionResolver [ExceptionHandlerExceptionResolver.java : 288] Detected @ExceptionHandler methods in RRExceptionHandler
2019-04-30 14:55:02,036 [INFO] [main] o.s.jmx.export.annotation.AnnotationMBeanExporter [MBeanExporter.java : 433] Registering beans for JMX exposure on startup
2019-04-30 14:55:02,037 [INFO] [main] o.s.jmx.export.annotation.AnnotationMBeanExporter [MBeanExporter.java : 895] Bean with name 'dataSource' has been autodetected for JMX exposure
2019-04-30 14:55:02,038 [INFO] [main] o.s.jmx.export.annotation.AnnotationMBeanExporter [MBeanExporter.java : 895] Bean with name 'statFilter' has been autodetected for JMX exposure
2019-04-30 14:55:02,043 [INFO] [main] o.s.jmx.export.annotation.AnnotationMBeanExporter [MBeanExporter.java : 668] Located MBean 'dataSource': registering with JMX server as MBean [com.alibaba.druid.spring.boot.autoconfigure:name=dataSource,type=DruidDataSourceWrapper]
2019-04-30 14:55:02,045 [INFO] [main] o.s.jmx.export.annotation.AnnotationMBeanExporter [MBeanExporter.java : 668] Located MBean 'statFilter': registering with JMX server as MBean [com.alibaba.druid.filter.stat:name=statFilter,type=StatFilter]
2019-04-30 14:55:02,052 [INFO] [main] o.springframework.context.support.DefaultLifecycleProcessor [DefaultLifecycleProcessor.java : 356] Starting beans in phase 2147483647
2019-04-30 14:55:02,052 [INFO] [main] s.d.spring.web.plugins.DocumentationPluginsBootstrapper [DocumentationPluginsBootstrapper.java : 160] Context refreshed
2019-04-30 14:55:02,068 [INFO] [main] s.d.spring.web.plugins.DocumentationPluginsBootstrapper [DocumentationPluginsBootstrapper.java : 163] Found 1 custom documentation plugin(s)
2019-04-30 14:55:02,098 [INFO] [main] s.d.spring.web.scanners.ApiListingReferenceScanner [ApiListingReferenceScanner.java : 41] Scanning for api listing references
2019-04-30 14:55:02,227 [INFO] [main] s.d.s.web.readers.operation.CachingOperationNameGenerator [CachingOperationNameGenerator.java : 40] Generating unique operation named: userInfoUsingGET_1
2019-04-30 14:55:02,283 [INFO] [main] org.springframework.boot.web.embedded.tomcat.TomcatWebServer [TomcatWebServer.java : 206] Tomcat started on port(s): 9002 (http) with context path '/shell-api'
2019-04-30 14:55:02,288 [INFO] [main] com.winnerdt.ApiApplication [StartupInfoLogger.java : 59] Started ApiApplication in 5.496 seconds (JVM running for 6.611)
2019-04-30 14:55:28,680 [INFO] [http-nio-9002-exec-2] o.a.c.core.ContainerBase.[Tomcat].[localhost].[/shell-api] [DirectJDKLog.java : 180] Initializing Spring FrameworkServlet 'dispatcherServlet'
2019-04-30 14:55:28,680 [INFO] [http-nio-9002-exec-2] org.springframework.web.servlet.DispatcherServlet [FrameworkServlet.java : 494] FrameworkServlet 'dispatcherServlet': initialization started
2019-04-30 14:55:28,705 [INFO] [http-nio-9002-exec-2] org.springframework.web.servlet.DispatcherServlet [FrameworkServlet.java : 509] FrameworkServlet 'dispatcherServlet': initialization completed in 25 ms
2019-04-30 14:55:28,861 [DEBUG] [http-nio-9002-exec-2] com.winnerdt.controller.WxUserController [WxUserController.java : 77] {"code":"033TYNTp0VTy3m1Qd6Sp0H3MTp0TYNTW","scene":{"shareId":"1","deptId":"2"},"sceneAddress":1011}
2019-04-30 14:55:29,426 [INFO] [http-nio-9002-exec-2] com.winnerdt.controller.WxUserController [WxUserController.java : 107] session_key: R7FC6bbLyE8mhzbHrLisiA==
2019-04-30 14:55:29,426 [INFO] [http-nio-9002-exec-2] com.winnerdt.controller.WxUserController [WxUserController.java : 108] openId: okrZJ5LQwg6NXbGg8CWA86I76L6E
2019-04-30 14:55:29,781 [INFO] [http-nio-9002-exec-2] com.alibaba.druid.pool.DruidDataSource [DruidDataSource.java : 930] {dataSource-1} inited
2019-04-30 14:55:29,789 [DEBUG] [http-nio-9002-exec-2] com.winnerdt.dao.WxUserDao.queryObjectbyOpenid [BaseJdbcLogger.java : 159] ==>  Preparing: select * from wx_user where open_id = ? 
2019-04-30 14:55:29,815 [DEBUG] [http-nio-9002-exec-2] com.winnerdt.dao.WxUserDao.queryObjectbyOpenid [BaseJdbcLogger.java : 159] ==> Parameters: okrZJ5LQwg6NXbGg8CWA86I76L6E(String)
2019-04-30 14:55:29,838 [DEBUG] [http-nio-9002-exec-2] com.winnerdt.dao.WxUserDao.queryObjectbyOpenid [BaseJdbcLogger.java : 159] <==      Total: 0
2019-04-30 14:55:42,251 [DEBUG] [http-nio-9002-exec-2] com.winnerdt.dao.QRCodeInfoDao.queryQrCodeById [BaseJdbcLogger.java : 159] ==>  Preparing: SELECT * FROM `qrcode_info` qi WHERE qi.id = ? 
2019-04-30 14:55:42,256 [DEBUG] [http-nio-9002-exec-2] com.winnerdt.dao.QRCodeInfoDao.queryQrCodeById [BaseJdbcLogger.java : 159] ==> Parameters: 2(Integer)
2019-04-30 14:55:42,259 [DEBUG] [http-nio-9002-exec-2] com.winnerdt.dao.QRCodeInfoDao.queryQrCodeById [BaseJdbcLogger.java : 159] <==      Total: 0
2019-04-30 14:56:04,835 [ERROR] [http-nio-9002-exec-2] com.winnerdt.controller.WxUserController [WxUserController.java : 151] 二维码携带参数解析异常，源数据为："{shareId=1, deptId=2}"：：：：时间：2019-04-30 14:56:04
2019-04-30 14:56:04,890 [DEBUG] [http-nio-9002-exec-1] com.winnerdt.controller.WxUserController [WxUserController.java : 348] {}
2019-04-30 14:56:04,908 [INFO] [Thread-14] o.s.b.w.s.c.AnnotationConfigServletWebServerApplicationContext [AbstractApplicationContext.java : 993] Closing org.springframework.boot.web.servlet.context.AnnotationConfigServletWebServerApplicationContext@2dd29a59: startup date [Tue Apr 30 14:54:57 CST 2019]; root of context hierarchy
2019-04-30 14:56:04,911 [INFO] [Thread-14] o.springframework.context.support.DefaultLifecycleProcessor [DefaultLifecycleProcessor.java : 369] Stopping beans in phase 2147483647
2019-04-30 14:56:04,912 [INFO] [Thread-14] o.s.jmx.export.annotation.AnnotationMBeanExporter [MBeanExporter.java : 451] Unregistering JMX-exposed beans on shutdown
2019-04-30 14:56:04,913 [INFO] [Thread-14] o.s.jmx.export.annotation.AnnotationMBeanExporter [MBeanRegistrationSupport.java : 185] Unregistering JMX-exposed beans
2019-04-30 14:56:04,932 [INFO] [Thread-14] com.alibaba.druid.pool.DruidDataSource [DruidDataSource.java : 1825] {dataSource-1} closed
2019-04-30 14:56:12,919 [INFO] [main] com.winnerdt.ApiApplication [StartupInfoLogger.java : 50] Starting ApiApplication on DESKTOP-CUD9MR5 with PID 5844 (E:\workspace\IdeaProjects\shell_server\master-api\target\classes started by user in E:\workspace\IdeaProjects\shell_server)
2019-04-30 14:56:12,922 [DEBUG] [main] com.winnerdt.ApiApplication [StartupInfoLogger.java : 53] Running with Spring Boot v2.0.5.RELEASE, Spring v5.0.9.RELEASE
2019-04-30 14:56:12,923 [INFO] [main] com.winnerdt.ApiApplication [SpringApplication.java : 684] The following profiles are active: dev
2019-04-30 14:56:12,994 [INFO] [main] o.s.b.w.s.c.AnnotationConfigServletWebServerApplicationContext [AbstractApplicationContext.java : 590] Refreshing org.springframework.boot.web.servlet.context.AnnotationConfigServletWebServerApplicationContext@2dd29a59: startup date [Tue Apr 30 14:56:12 CST 2019]; root of context hierarchy
2019-04-30 14:56:13,662 [INFO] [main] o.s.beans.factory.support.DefaultListableBeanFactory [DefaultListableBeanFactory.java : 821] Overriding bean definition for bean 'websocketContainerCustomizer' with a different definition: replacing [Root bean: class [null]; scope=; abstract=false; lazyInit=false; autowireMode=3; dependencyCheck=0; autowireCandidate=true; primary=false; factoryBeanName=org.springframework.boot.autoconfigure.websocket.servlet.WebSocketServletAutoConfiguration$UndertowWebSocketConfiguration; factoryMethodName=websocketContainerCustomizer; initMethodName=null; destroyMethodName=(inferred); defined in class path resource [org/springframework/boot/autoconfigure/websocket/servlet/WebSocketServletAutoConfiguration$UndertowWebSocketConfiguration.class]] with [Root bean: class [null]; scope=; abstract=false; lazyInit=false; autowireMode=3; dependencyCheck=0; autowireCandidate=true; primary=false; factoryBeanName=org.springframework.boot.autoconfigure.websocket.servlet.WebSocketServletAutoConfiguration$TomcatWebSocketConfiguration; factoryMethodName=websocketContainerCustomizer; initMethodName=null; destroyMethodName=(inferred); defined in class path resource [org/springframework/boot/autoconfigure/websocket/servlet/WebSocketServletAutoConfiguration$TomcatWebSocketConfiguration.class]]
2019-04-30 14:56:13,813 [INFO] [main] o.s.data.repository.config.RepositoryConfigurationDelegate [RepositoryConfigurationDelegate.java : 172] Multiple Spring Data modules found, entering strict repository configuration mode!
2019-04-30 14:56:14,240 [INFO] [main] o.s.c.s.PostProcessorRegistrationDelegate$BeanPostProcessorChecker [PostProcessorRegistrationDelegate.java : 326] Bean 'org.springframework.transaction.annotation.ProxyTransactionManagementConfiguration' of type [org.springframework.transaction.annotation.ProxyTransactionManagementConfiguration$$EnhancerBySpringCGLIB$$fe22da5] is not eligible for getting processed by all BeanPostProcessors (for example: not eligible for auto-proxying)
2019-04-30 14:56:14,783 [INFO] [main] org.springframework.boot.web.embedded.tomcat.TomcatWebServer [TomcatWebServer.java : 91] Tomcat initialized with port(s): 9002 (http)
2019-04-30 14:56:14,805 [INFO] [main] org.apache.catalina.core.StandardService [DirectJDKLog.java : 180] Starting service [Tomcat]
2019-04-30 14:56:14,806 [INFO] [main] org.apache.catalina.core.StandardEngine [DirectJDKLog.java : 180] Starting Servlet Engine: Apache Tomcat/8.5.34
2019-04-30 14:56:14,810 [INFO] [localhost-startStop-1] org.apache.catalina.core.AprLifecycleListener [DirectJDKLog.java : 180] The APR based Apache Tomcat Native library which allows optimal performance in production environments was not found on the java.library.path: [C:\Program Files\Java\jdk1.8.0_152\bin;C:\WINDOWS\Sun\Java\bin;C:\WINDOWS\system32;C:\WINDOWS;C:\Program Files\VanDyke Software\Clients\;C:\Program Files\Java\jdk1.8.0_152\jre\bin;C:\Program Files\Java\jdk1.8.0_152\bin;C:\WINDOWS\system32;C:\WINDOWS;C:\WINDOWS\System32\Wbem;C:\WINDOWS\System32\WindowsPowerShell\v1.0\;C:\Program Files (x86)\GtkSharp\2.12\bin;C:\WINDOWS\system32\config\systemprofile\.dnx\bin;C:\Program Files\Microsoft DNX\Dnvm\;C:\Program Files\Microsoft SQL Server\130\Tools\Binn\;E:\Program Files (x86)\MySQL\MySQL Server 5.5\bin;C:\Program Files\MySQL\MySQL Utilities 1.6\;D:\maven\bin;C:\WINDOWS\System32\OpenSSH\;C:\Program Files\nodejs\;C:\Program Files (x86)\Microsoft SQL Server\140\Tools\Binn\;C:\Program Files\Microsoft SQL Server\140\Tools\Binn\;C:\Program Files (x86)\Microsoft SQL Server\140\DTS\Binn\;C:\Program Files\Microsoft SQL Server\140\DTS\Binn\;C:\Program Files\Microsoft SQL Server\Client SDK\ODBC\130\Tools\Binn\;C:\Program Files (x86)\Microsoft SQL Server\Client SDK\ODBC\130\Tools\Binn\;C:\Program Files (x86)\Microsoft SQL Server\140\Tools\Binn\ManagementStudio\;C:\Program Files\dotnet\;C:\Program Files\Git\cmd;"C:\Users\user\AppData\Local\Microsoft\WindowsApps;D:\apache-maven-3.5.3\bin;C:\Program Files\Java\jdk1.8.0_152\bin;";C:\Users\user\AppData\Local\GitHubDesktop\bin;C:\Users\user\AppData\Local\Microsoft\WindowsApps;D:\IntelliJ IDEA 2018.3.2\bin;;C:\Users\user\AppData\Roaming\npm;C:\Program Files\JetBrains\JetBrains Rider 2018.3.4\bin;;.]
2019-04-30 14:56:14,927 [INFO] [localhost-startStop-1] o.a.c.core.ContainerBase.[Tomcat].[localhost].[/shell-api] [DirectJDKLog.java : 180] Initializing Spring embedded WebApplicationContext
2019-04-30 14:56:14,927 [INFO] [localhost-startStop-1] org.springframework.web.context.ContextLoader [ServletWebServerApplicationContext.java : 285] Root WebApplicationContext: initialization completed in 1933 ms
2019-04-30 14:56:15,046 [INFO] [localhost-startStop-1] org.springframework.boot.web.servlet.FilterRegistrationBean [AbstractFilterRegistrationBean.java : 245] Mapping filter: 'characterEncodingFilter' to: [/*]
2019-04-30 14:56:15,046 [INFO] [localhost-startStop-1] org.springframework.boot.web.servlet.FilterRegistrationBean [AbstractFilterRegistrationBean.java : 245] Mapping filter: 'hiddenHttpMethodFilter' to: [/*]
2019-04-30 14:56:15,047 [INFO] [localhost-startStop-1] org.springframework.boot.web.servlet.FilterRegistrationBean [AbstractFilterRegistrationBean.java : 245] Mapping filter: 'httpPutFormContentFilter' to: [/*]
2019-04-30 14:56:15,047 [INFO] [localhost-startStop-1] org.springframework.boot.web.servlet.FilterRegistrationBean [AbstractFilterRegistrationBean.java : 245] Mapping filter: 'requestContextFilter' to: [/*]
2019-04-30 14:56:15,047 [INFO] [localhost-startStop-1] org.springframework.boot.web.servlet.FilterRegistrationBean [AbstractFilterRegistrationBean.java : 258] Mapping filter: 'xssFilter' to urls: [/*]
2019-04-30 14:56:15,047 [INFO] [localhost-startStop-1] org.springframework.boot.web.servlet.FilterRegistrationBean [AbstractFilterRegistrationBean.java : 258] Mapping filter: 'webStatFilter' to urls: [/*]
2019-04-30 14:56:15,047 [INFO] [localhost-startStop-1] org.springframework.boot.web.servlet.ServletRegistrationBean [ServletRegistrationBean.java : 187] Servlet dispatcherServlet mapped to [/]
2019-04-30 14:56:15,049 [INFO] [localhost-startStop-1] org.springframework.boot.web.servlet.ServletRegistrationBean [ServletRegistrationBean.java : 187] Servlet statViewServlet mapped to [/druid/*]
2019-04-30 14:56:15,340 [WARN] [main] org.mybatis.spring.SqlSessionFactoryBean [MybatisSqlSessionFactoryBean.java : 457] Can't find class in '[com.winnerdt.modules.*.entity]' package. Please check your configuration.
2019-04-30 14:56:16,650 [INFO] [main] o.s.w.s.mvc.method.annotation.RequestMappingHandlerMapping [AbstractHandlerMethodMapping.java : 549] Mapped "{[/api/login],methods=[POST]}" onto public com.winnerdt.common.utils.R com.winnerdt.controller.ApiLoginController.login(com.winnerdt.form.LoginForm)
2019-04-30 14:56:16,652 [INFO] [main] o.s.w.s.mvc.method.annotation.RequestMappingHandlerMapping [AbstractHandlerMethodMapping.java : 549] Mapped "{[/api/logout],methods=[POST]}" onto public com.winnerdt.common.utils.R com.winnerdt.controller.ApiLoginController.logout(long)
2019-04-30 14:56:16,653 [INFO] [main] o.s.w.s.mvc.method.annotation.RequestMappingHandlerMapping [AbstractHandlerMethodMapping.java : 549] Mapped "{[/api/register],methods=[POST]}" onto public com.winnerdt.common.utils.R com.winnerdt.controller.ApiRegisterController.register(com.winnerdt.form.RegisterForm)
2019-04-30 14:56:16,655 [INFO] [main] o.s.w.s.mvc.method.annotation.RequestMappingHandlerMapping [AbstractHandlerMethodMapping.java : 549] Mapped "{[/api/userId],methods=[GET]}" onto public com.winnerdt.common.utils.R com.winnerdt.controller.ApiTestController.userInfo(java.lang.Integer)
2019-04-30 14:56:16,655 [INFO] [main] o.s.w.s.mvc.method.annotation.RequestMappingHandlerMapping [AbstractHandlerMethodMapping.java : 549] Mapped "{[/api/userInfo],methods=[GET]}" onto public com.winnerdt.common.utils.R com.winnerdt.controller.ApiTestController.userInfo(com.winnerdt.entity.UserEntity)
2019-04-30 14:56:16,656 [INFO] [main] o.s.w.s.mvc.method.annotation.RequestMappingHandlerMapping [AbstractHandlerMethodMapping.java : 549] Mapped "{[/api/notToken],methods=[GET]}" onto public com.winnerdt.common.utils.R com.winnerdt.controller.ApiTestController.notToken()
2019-04-30 14:56:16,658 [INFO] [main] o.s.w.s.mvc.method.annotation.RequestMappingHandlerMapping [AbstractHandlerMethodMapping.java : 549] Mapped "{[/api/user/getUserInfo],methods=[POST]}" onto public com.winnerdt.common.utils.R com.winnerdt.controller.WxUserController.getUserInfo(java.util.Map<java.lang.String, java.lang.String>)
2019-04-30 14:56:16,658 [INFO] [main] o.s.w.s.mvc.method.annotation.RequestMappingHandlerMapping [AbstractHandlerMethodMapping.java : 549] Mapped "{[/api/user/isOldUser],methods=[POST]}" onto public com.winnerdt.common.utils.R com.winnerdt.controller.WxUserController.isOldUser(java.util.Map<java.lang.String, java.lang.String>)
2019-04-30 14:56:16,659 [INFO] [main] o.s.w.s.mvc.method.annotation.RequestMappingHandlerMapping [AbstractHandlerMethodMapping.java : 549] Mapped "{[/api/user/getUserPhone],methods=[POST]}" onto public com.winnerdt.common.utils.R com.winnerdt.controller.WxUserController.getUserPhone(java.util.Map<java.lang.String, java.lang.String>)
2019-04-30 14:56:16,659 [INFO] [main] o.s.w.s.mvc.method.annotation.RequestMappingHandlerMapping [AbstractHandlerMethodMapping.java : 549] Mapped "{[/api/user/regist],methods=[POST]}" onto public com.winnerdt.common.utils.R com.winnerdt.controller.WxUserController.regist(java.util.Map<java.lang.String, java.lang.String>)
2019-04-30 14:56:16,659 [INFO] [main] o.s.w.s.mvc.method.annotation.RequestMappingHandlerMapping [AbstractHandlerMethodMapping.java : 549] Mapped "{[/api/user/login],methods=[POST]}" onto public com.winnerdt.common.utils.R com.winnerdt.controller.WxUserController.userLogin(java.util.Map<java.lang.String, java.lang.Object>)
2019-04-30 14:56:16,660 [INFO] [main] o.s.w.s.mvc.method.annotation.RequestMappingHandlerMapping [AbstractHandlerMethodMapping.java : 549] Mapped "{[/api/user/getUserMessage],methods=[POST]}" onto public com.winnerdt.common.utils.R com.winnerdt.controller.WxUserController.getUserMessage(java.util.Map<java.lang.String, java.lang.String>)
2019-04-30 14:56:16,664 [INFO] [main] o.s.w.s.mvc.method.annotation.RequestMappingHandlerMapping [AbstractHandlerMethodMapping.java : 549] Mapped "{[/swagger-resources]}" onto public org.springframework.http.ResponseEntity<java.util.List<springfox.documentation.swagger.web.SwaggerResource>> springfox.documentation.swagger.web.ApiResourceController.swaggerResources()
2019-04-30 14:56:16,665 [INFO] [main] o.s.w.s.mvc.method.annotation.RequestMappingHandlerMapping [AbstractHandlerMethodMapping.java : 549] Mapped "{[/swagger-resources/configuration/ui]}" onto public org.springframework.http.ResponseEntity<springfox.documentation.swagger.web.UiConfiguration> springfox.documentation.swagger.web.ApiResourceController.uiConfiguration()
2019-04-30 14:56:16,666 [INFO] [main] o.s.w.s.mvc.method.annotation.RequestMappingHandlerMapping [AbstractHandlerMethodMapping.java : 549] Mapped "{[/swagger-resources/configuration/security]}" onto public org.springframework.http.ResponseEntity<springfox.documentation.swagger.web.SecurityConfiguration> springfox.documentation.swagger.web.ApiResourceController.securityConfiguration()
2019-04-30 14:56:16,668 [INFO] [main] o.s.w.s.mvc.method.annotation.RequestMappingHandlerMapping [AbstractHandlerMethodMapping.java : 549] Mapped "{[/error]}" onto public org.springframework.http.ResponseEntity<java.util.Map<java.lang.String, java.lang.Object>> org.springframework.boot.autoconfigure.web.servlet.error.BasicErrorController.error(javax.servlet.http.HttpServletRequest)
2019-04-30 14:56:16,670 [INFO] [main] o.s.w.s.mvc.method.annotation.RequestMappingHandlerMapping [AbstractHandlerMethodMapping.java : 549] Mapped "{[/error],produces=[text/html]}" onto public org.springframework.web.servlet.ModelAndView org.springframework.boot.autoconfigure.web.servlet.error.BasicErrorController.errorHtml(javax.servlet.http.HttpServletRequest,javax.servlet.http.HttpServletResponse)
2019-04-30 14:56:16,908 [INFO] [main] s.d.spring.web.PropertySourcedRequestMappingHandlerMapping [PropertySourcedRequestMappingHandlerMapping.java : 69] Mapped URL path [/v2/api-docs] onto method [public org.springframework.http.ResponseEntity<springfox.documentation.spring.web.json.Json> springfox.documentation.swagger2.web.Swagger2Controller.getDocumentation(java.lang.String,javax.servlet.http.HttpServletRequest)]
2019-04-30 14:56:17,133 [INFO] [main] o.s.web.servlet.handler.SimpleUrlHandlerMapping [AbstractUrlHandlerMapping.java : 373] Mapped URL path [/**/favicon.ico] onto handler of type [class org.springframework.web.servlet.resource.ResourceHttpRequestHandler]
2019-04-30 14:56:17,318 [INFO] [main] o.s.w.s.mvc.method.annotation.RequestMappingHandlerAdapter [RequestMappingHandlerAdapter.java : 588] Looking for @ControllerAdvice: org.springframework.boot.web.servlet.context.AnnotationConfigServletWebServerApplicationContext@2dd29a59: startup date [Tue Apr 30 14:56:12 CST 2019]; root of context hierarchy
2019-04-30 14:56:17,376 [INFO] [main] o.s.web.servlet.handler.SimpleUrlHandlerMapping [AbstractUrlHandlerMapping.java : 373] Mapped URL path [/webjars/**] onto handler of type [class org.springframework.web.servlet.resource.ResourceHttpRequestHandler]
2019-04-30 14:56:17,377 [INFO] [main] o.s.web.servlet.handler.SimpleUrlHandlerMapping [AbstractUrlHandlerMapping.java : 373] Mapped URL path [/**] onto handler of type [class org.springframework.web.servlet.resource.ResourceHttpRequestHandler]
2019-04-30 14:56:17,393 [INFO] [main] o.s.w.s.m.m.annotation.ExceptionHandlerExceptionResolver [ExceptionHandlerExceptionResolver.java : 288] Detected @ExceptionHandler methods in RRExceptionHandler
2019-04-30 14:56:17,811 [INFO] [main] o.s.jmx.export.annotation.AnnotationMBeanExporter [MBeanExporter.java : 433] Registering beans for JMX exposure on startup
2019-04-30 14:56:17,813 [INFO] [main] o.s.jmx.export.annotation.AnnotationMBeanExporter [MBeanExporter.java : 895] Bean with name 'dataSource' has been autodetected for JMX exposure
2019-04-30 14:56:17,813 [INFO] [main] o.s.jmx.export.annotation.AnnotationMBeanExporter [MBeanExporter.java : 895] Bean with name 'statFilter' has been autodetected for JMX exposure
2019-04-30 14:56:17,820 [INFO] [main] o.s.jmx.export.annotation.AnnotationMBeanExporter [MBeanExporter.java : 668] Located MBean 'dataSource': registering with JMX server as MBean [com.alibaba.druid.spring.boot.autoconfigure:name=dataSource,type=DruidDataSourceWrapper]
2019-04-30 14:56:17,822 [INFO] [main] o.s.jmx.export.annotation.AnnotationMBeanExporter [MBeanExporter.java : 668] Located MBean 'statFilter': registering with JMX server as MBean [com.alibaba.druid.filter.stat:name=statFilter,type=StatFilter]
2019-04-30 14:56:17,827 [INFO] [main] o.springframework.context.support.DefaultLifecycleProcessor [DefaultLifecycleProcessor.java : 356] Starting beans in phase 2147483647
2019-04-30 14:56:17,827 [INFO] [main] s.d.spring.web.plugins.DocumentationPluginsBootstrapper [DocumentationPluginsBootstrapper.java : 160] Context refreshed
2019-04-30 14:56:17,847 [INFO] [main] s.d.spring.web.plugins.DocumentationPluginsBootstrapper [DocumentationPluginsBootstrapper.java : 163] Found 1 custom documentation plugin(s)
2019-04-30 14:56:17,881 [INFO] [main] s.d.spring.web.scanners.ApiListingReferenceScanner [ApiListingReferenceScanner.java : 41] Scanning for api listing references
2019-04-30 14:56:18,033 [INFO] [main] s.d.s.web.readers.operation.CachingOperationNameGenerator [CachingOperationNameGenerator.java : 40] Generating unique operation named: userInfoUsingGET_1
2019-04-30 14:56:18,101 [INFO] [main] org.springframework.boot.web.embedded.tomcat.TomcatWebServer [TomcatWebServer.java : 206] Tomcat started on port(s): 9002 (http) with context path '/shell-api'
2019-04-30 14:56:18,106 [INFO] [main] com.winnerdt.ApiApplication [StartupInfoLogger.java : 59] Started ApiApplication in 5.6 seconds (JVM running for 6.836)
2019-04-30 14:56:58,415 [INFO] [http-nio-9002-exec-3] o.a.c.core.ContainerBase.[Tomcat].[localhost].[/shell-api] [DirectJDKLog.java : 180] Initializing Spring FrameworkServlet 'dispatcherServlet'
2019-04-30 14:56:58,416 [INFO] [http-nio-9002-exec-3] org.springframework.web.servlet.DispatcherServlet [FrameworkServlet.java : 494] FrameworkServlet 'dispatcherServlet': initialization started
2019-04-30 14:56:58,439 [INFO] [http-nio-9002-exec-3] org.springframework.web.servlet.DispatcherServlet [FrameworkServlet.java : 509] FrameworkServlet 'dispatcherServlet': initialization completed in 23 ms
2019-04-30 14:56:58,613 [DEBUG] [http-nio-9002-exec-3] com.winnerdt.controller.WxUserController [WxUserController.java : 77] {"code":"0336oTHD1Ov53600saHD1hTJHD16oTHv","scene":{"shareId":"1","deptId":"2"},"sceneAddress":1011}
2019-04-30 14:56:59,149 [INFO] [http-nio-9002-exec-3] com.winnerdt.controller.WxUserController [WxUserController.java : 107] session_key: BmwayjoKVqFruXhjzkyI9Q==
2019-04-30 14:56:59,150 [INFO] [http-nio-9002-exec-3] com.winnerdt.controller.WxUserController [WxUserController.java : 108] openId: okrZJ5LQwg6NXbGg8CWA86I76L6E
2019-04-30 14:56:59,493 [INFO] [http-nio-9002-exec-3] com.alibaba.druid.pool.DruidDataSource [DruidDataSource.java : 930] {dataSource-1} inited
2019-04-30 14:56:59,501 [DEBUG] [http-nio-9002-exec-3] com.winnerdt.dao.WxUserDao.queryObjectbyOpenid [BaseJdbcLogger.java : 159] ==>  Preparing: select * from wx_user where open_id = ? 
2019-04-30 14:56:59,526 [DEBUG] [http-nio-9002-exec-3] com.winnerdt.dao.WxUserDao.queryObjectbyOpenid [BaseJdbcLogger.java : 159] ==> Parameters: okrZJ5LQwg6NXbGg8CWA86I76L6E(String)
2019-04-30 14:56:59,549 [DEBUG] [http-nio-9002-exec-3] com.winnerdt.dao.WxUserDao.queryObjectbyOpenid [BaseJdbcLogger.java : 159] <==      Total: 0
2019-04-30 14:57:03,123 [DEBUG] [http-nio-9002-exec-3] com.winnerdt.dao.QRCodeInfoDao.queryQrCodeById [BaseJdbcLogger.java : 159] ==>  Preparing: SELECT * FROM `qrcode_info` qi WHERE qi.id = ? 
2019-04-30 14:57:03,127 [DEBUG] [http-nio-9002-exec-3] com.winnerdt.dao.QRCodeInfoDao.queryQrCodeById [BaseJdbcLogger.java : 159] ==> Parameters: 1(Integer)
2019-04-30 14:57:03,147 [DEBUG] [http-nio-9002-exec-3] com.winnerdt.dao.QRCodeInfoDao.queryQrCodeById [BaseJdbcLogger.java : 159] <==      Total: 1
2019-04-30 14:57:09,462 [DEBUG] [http-nio-9002-exec-3] com.winnerdt.dao.WxUserDao.insert [BaseJdbcLogger.java : 159] ==>  Preparing: INSERT INTO wx_user ( open_id, session_key, register_ip, qrcode_source, webank, scene, share_id, dept_id, scene_address, dept_code, create_date, update_date ) VALUES ( ?, ?, ?, ?, ?, ?, ?, ?, ?, ?, ?, ? ) 
2019-04-30 14:57:09,465 [DEBUG] [http-nio-9002-exec-3] com.winnerdt.dao.WxUserDao.insert [BaseJdbcLogger.java : 159] ==> Parameters: okrZJ5LQwg6NXbGg8CWA86I76L6E(String), BmwayjoKVqFruXhjzkyI9Q==(String), 192.168.30.47(String), {shareId=1, deptId=2}(String), false(Boolean), {shareId=1, deptId=2}(String), 1(String), 2(Integer), 1011(String), zsk(String), 2019-04-30 14:57:09.442(Timestamp), 2019-04-30 14:57:09.442(Timestamp)
2019-04-30 14:57:09,508 [DEBUG] [http-nio-9002-exec-3] com.winnerdt.dao.WxUserDao.insert [BaseJdbcLogger.java : 159] <==    Updates: 1
2019-04-30 14:57:09,556 [DEBUG] [http-nio-9002-exec-1] com.winnerdt.controller.WxUserController [WxUserController.java : 348] {openId=okrZJ5LQwg6NXbGg8CWA86I76L6E}
2019-04-30 14:57:09,556 [DEBUG] [http-nio-9002-exec-1] com.winnerdt.dao.WxUserDao.queryObjectbyOpenid [BaseJdbcLogger.java : 159] ==>  Preparing: select * from wx_user where open_id = ? 
2019-04-30 14:57:09,557 [DEBUG] [http-nio-9002-exec-1] com.winnerdt.dao.WxUserDao.queryObjectbyOpenid [BaseJdbcLogger.java : 159] ==> Parameters: okrZJ5LQwg6NXbGg8CWA86I76L6E(String)
2019-04-30 14:57:09,560 [DEBUG] [http-nio-9002-exec-1] com.winnerdt.dao.WxUserDao.queryObjectbyOpenid [BaseJdbcLogger.java : 159] <==      Total: 1
2019-04-30 14:57:09,560 [INFO] [http-nio-9002-exec-1] com.winnerdt.controller.WxUserController [WxUserController.java : 361] WxUserEntity(id=20, openId=okrZJ5LQwg6NXbGg8CWA86I76L6E, sessionKey=BmwayjoKVqFruXhjzkyI9Q==, registerIp=192.168.30.47, unionId=null, password=null, nickName=null, gender=null, avatarUrl=null, city=null, province=null, language=null, phone=null, purePhone=null, countryCode=null, isNew=null, vipNo=null, qrcodeSource={shareId=1, deptId=2}, memberPhone=null, idCard=null, name=null, webid=null, webank=false, scene={shareId=1, deptId=2}, hdcardMemberId=null, shareId=1, deptId=2, identCode=null, sceneAddress=1011, deptCode=zsk, registPhone=null, useRegion=null, invoiceType=null, isRegist=0, createDate=Tue Apr 30 14:57:09 CST 2019, updateDate=Tue Apr 30 14:57:09 CST 2019)
2019-04-30 14:57:09,561 [WARN] [http-nio-9002-exec-1] com.winnerdt.controller.WxUserController [WxUserController.java : 386] 是新用户，跳转到用户授权页！
2019-04-30 15:03:47,601 [DEBUG] [http-nio-9002-exec-4] com.winnerdt.controller.WxUserController [WxUserController.java : 77] {"code":"023r3M3g2sxtYI0FRk4g2txM3g2r3M3z","scene":{"shareId":"1","deptId":"1"},"sceneAddress":1011}
2019-04-30 15:03:47,856 [INFO] [http-nio-9002-exec-4] com.winnerdt.controller.WxUserController [WxUserController.java : 107] session_key: reTEMebym6N25REDAU0FXA==
2019-04-30 15:03:47,856 [INFO] [http-nio-9002-exec-4] com.winnerdt.controller.WxUserController [WxUserController.java : 108] openId: okrZJ5LQwg6NXbGg8CWA86I76L6E
2019-04-30 15:03:47,860 [DEBUG] [http-nio-9002-exec-4] com.winnerdt.dao.WxUserDao.queryObjectbyOpenid [BaseJdbcLogger.java : 159] ==>  Preparing: select * from wx_user where open_id = ? 
2019-04-30 15:03:47,861 [DEBUG] [http-nio-9002-exec-4] com.winnerdt.dao.WxUserDao.queryObjectbyOpenid [BaseJdbcLogger.java : 159] ==> Parameters: okrZJ5LQwg6NXbGg8CWA86I76L6E(String)
2019-04-30 15:03:47,863 [DEBUG] [http-nio-9002-exec-4] com.winnerdt.dao.WxUserDao.queryObjectbyOpenid [BaseJdbcLogger.java : 159] <==      Total: 1
2019-04-30 15:03:47,885 [DEBUG] [http-nio-9002-exec-4] com.winnerdt.dao.WxUserDao.updateById [BaseJdbcLogger.java : 159] ==>  Preparing: UPDATE wx_user SET open_id=?, session_key=?, register_ip=?, qrcode_source=?, webank=?, scene=?, share_id=?, dept_id=?, scene_address=?, dept_code=?, is_regist=?, create_date=?, update_date=? WHERE id=? 
2019-04-30 15:03:47,886 [DEBUG] [http-nio-9002-exec-4] com.winnerdt.dao.WxUserDao.updateById [BaseJdbcLogger.java : 159] ==> Parameters: okrZJ5LQwg6NXbGg8CWA86I76L6E(String), reTEMebym6N25REDAU0FXA==(String), 192.168.30.47(String), {shareId=1, deptId=2}(String), false(Boolean), {shareId=1, deptId=2}(String), 1(String), 2(Integer), 1011(String), zsk(String), 0(Integer), 2019-04-30 14:57:09.0(Timestamp), 2019-04-30 15:03:47.864(Timestamp), 20(Integer)
2019-04-30 15:03:48,011 [DEBUG] [http-nio-9002-exec-4] com.winnerdt.dao.WxUserDao.updateById [BaseJdbcLogger.java : 159] <==    Updates: 1
2019-04-30 15:03:48,024 [DEBUG] [http-nio-9002-exec-5] com.winnerdt.controller.WxUserController [WxUserController.java : 348] {openId=okrZJ5LQwg6NXbGg8CWA86I76L6E}
2019-04-30 15:03:48,025 [DEBUG] [http-nio-9002-exec-5] com.winnerdt.dao.WxUserDao.queryObjectbyOpenid [BaseJdbcLogger.java : 159] ==>  Preparing: select * from wx_user where open_id = ? 
2019-04-30 15:03:48,025 [DEBUG] [http-nio-9002-exec-5] com.winnerdt.dao.WxUserDao.queryObjectbyOpenid [BaseJdbcLogger.java : 159] ==> Parameters: okrZJ5LQwg6NXbGg8CWA86I76L6E(String)
2019-04-30 15:03:48,027 [DEBUG] [http-nio-9002-exec-5] com.winnerdt.dao.WxUserDao.queryObjectbyOpenid [BaseJdbcLogger.java : 159] <==      Total: 1
2019-04-30 15:03:48,028 [INFO] [http-nio-9002-exec-5] com.winnerdt.controller.WxUserController [WxUserController.java : 361] WxUserEntity(id=20, openId=okrZJ5LQwg6NXbGg8CWA86I76L6E, sessionKey=reTEMebym6N25REDAU0FXA==, registerIp=192.168.30.47, unionId=null, password=null, nickName=null, gender=null, avatarUrl=null, city=null, province=null, language=null, phone=null, purePhone=null, countryCode=null, isNew=null, vipNo=null, qrcodeSource={shareId=1, deptId=2}, memberPhone=null, idCard=null, name=null, webid=null, webank=false, scene={shareId=1, deptId=2}, hdcardMemberId=null, shareId=1, deptId=2, identCode=null, sceneAddress=1011, deptCode=zsk, registPhone=null, useRegion=null, invoiceType=null, isRegist=0, createDate=Tue Apr 30 14:57:09 CST 2019, updateDate=Tue Apr 30 15:03:48 CST 2019)
2019-04-30 15:03:48,028 [WARN] [http-nio-9002-exec-5] com.winnerdt.controller.WxUserController [WxUserController.java : 386] 是新用户，跳转到用户授权页！
2019-04-30 15:05:04,037 [DEBUG] [http-nio-9002-exec-7] com.winnerdt.controller.WxUserController [WxUserController.java : 77] {"code":"033Ptsck0ia6up17pgbk0C6xck0Ptsc9","scene":{"shareId":"undefined","deptId":""},"sceneAddress":1011}
2019-04-30 15:05:04,328 [INFO] [http-nio-9002-exec-7] com.winnerdt.controller.WxUserController [WxUserController.java : 107] session_key: reTEMebym6N25REDAU0FXA==
2019-04-30 15:05:04,328 [INFO] [http-nio-9002-exec-7] com.winnerdt.controller.WxUserController [WxUserController.java : 108] openId: okrZJ5LQwg6NXbGg8CWA86I76L6E
2019-04-30 15:05:04,331 [DEBUG] [http-nio-9002-exec-7] com.winnerdt.dao.WxUserDao.queryObjectbyOpenid [BaseJdbcLogger.java : 159] ==>  Preparing: select * from wx_user where open_id = ? 
2019-04-30 15:05:04,332 [DEBUG] [http-nio-9002-exec-7] com.winnerdt.dao.WxUserDao.queryObjectbyOpenid [BaseJdbcLogger.java : 159] ==> Parameters: okrZJ5LQwg6NXbGg8CWA86I76L6E(String)
2019-04-30 15:05:04,334 [DEBUG] [http-nio-9002-exec-7] com.winnerdt.dao.WxUserDao.queryObjectbyOpenid [BaseJdbcLogger.java : 159] <==      Total: 1
2019-04-30 15:05:04,338 [DEBUG] [http-nio-9002-exec-7] com.winnerdt.dao.WxUserDao.updateById [BaseJdbcLogger.java : 159] ==>  Preparing: UPDATE wx_user SET open_id=?, session_key=?, register_ip=?, qrcode_source=?, webank=?, scene=?, share_id=?, dept_id=?, scene_address=?, dept_code=?, is_regist=?, create_date=?, update_date=? WHERE id=? 
2019-04-30 15:05:04,339 [DEBUG] [http-nio-9002-exec-7] com.winnerdt.dao.WxUserDao.updateById [BaseJdbcLogger.java : 159] ==> Parameters: okrZJ5LQwg6NXbGg8CWA86I76L6E(String), reTEMebym6N25REDAU0FXA==(String), 192.168.30.47(String), {shareId=1, deptId=2}(String), false(Boolean), {shareId=1, deptId=2}(String), 1(String), 2(Integer), 1011(String), zsk(String), 0(Integer), 2019-04-30 14:57:09.0(Timestamp), 2019-04-30 15:05:04.334(Timestamp), 20(Integer)
2019-04-30 15:05:04,378 [DEBUG] [http-nio-9002-exec-7] com.winnerdt.dao.WxUserDao.updateById [BaseJdbcLogger.java : 159] <==    Updates: 1
2019-04-30 15:05:04,392 [DEBUG] [http-nio-9002-exec-8] com.winnerdt.controller.WxUserController [WxUserController.java : 348] {openId=okrZJ5LQwg6NXbGg8CWA86I76L6E}
2019-04-30 15:05:04,392 [DEBUG] [http-nio-9002-exec-8] com.winnerdt.dao.WxUserDao.queryObjectbyOpenid [BaseJdbcLogger.java : 159] ==>  Preparing: select * from wx_user where open_id = ? 
2019-04-30 15:05:04,393 [DEBUG] [http-nio-9002-exec-8] com.winnerdt.dao.WxUserDao.queryObjectbyOpenid [BaseJdbcLogger.java : 159] ==> Parameters: okrZJ5LQwg6NXbGg8CWA86I76L6E(String)
2019-04-30 15:05:04,395 [DEBUG] [http-nio-9002-exec-8] com.winnerdt.dao.WxUserDao.queryObjectbyOpenid [BaseJdbcLogger.java : 159] <==      Total: 1
2019-04-30 15:05:04,395 [INFO] [http-nio-9002-exec-8] com.winnerdt.controller.WxUserController [WxUserController.java : 361] WxUserEntity(id=20, openId=okrZJ5LQwg6NXbGg8CWA86I76L6E, sessionKey=reTEMebym6N25REDAU0FXA==, registerIp=192.168.30.47, unionId=null, password=null, nickName=null, gender=null, avatarUrl=null, city=null, province=null, language=null, phone=null, purePhone=null, countryCode=null, isNew=null, vipNo=null, qrcodeSource={shareId=1, deptId=2}, memberPhone=null, idCard=null, name=null, webid=null, webank=false, scene={shareId=1, deptId=2}, hdcardMemberId=null, shareId=1, deptId=2, identCode=null, sceneAddress=1011, deptCode=zsk, registPhone=null, useRegion=null, invoiceType=null, isRegist=0, createDate=Tue Apr 30 14:57:09 CST 2019, updateDate=Tue Apr 30 15:05:04 CST 2019)
2019-04-30 15:05:04,395 [WARN] [http-nio-9002-exec-8] com.winnerdt.controller.WxUserController [WxUserController.java : 386] 是新用户，跳转到用户授权页！
2019-04-30 15:07:22,004 [INFO] [Thread-15] o.s.b.w.s.c.AnnotationConfigServletWebServerApplicationContext [AbstractApplicationContext.java : 993] Closing org.springframework.boot.web.servlet.context.AnnotationConfigServletWebServerApplicationContext@2dd29a59: startup date [Tue Apr 30 14:56:12 CST 2019]; root of context hierarchy
2019-04-30 15:07:22,006 [INFO] [Thread-15] o.springframework.context.support.DefaultLifecycleProcessor [DefaultLifecycleProcessor.java : 369] Stopping beans in phase 2147483647
2019-04-30 15:07:22,007 [INFO] [Thread-15] o.s.jmx.export.annotation.AnnotationMBeanExporter [MBeanExporter.java : 451] Unregistering JMX-exposed beans on shutdown
2019-04-30 15:07:22,008 [INFO] [Thread-15] o.s.jmx.export.annotation.AnnotationMBeanExporter [MBeanRegistrationSupport.java : 185] Unregistering JMX-exposed beans
2019-04-30 15:07:22,029 [INFO] [Thread-15] com.alibaba.druid.pool.DruidDataSource [DruidDataSource.java : 1825] {dataSource-1} closed
