2022-02-10 09:43:03.524 [main] INFO  com.winnerdt.AdminApplication - Starting AdminApplication on DESKTOP-1N7PN85 with PID 7128 (D:\projects\video-server\master-admin\target\classes started by zarl in D:\projects\video-server)
2022-02-10 09:43:03.543 [main] INFO  com.winnerdt.AdminApplication - The following profiles are active: prod
2022-02-10 09:43:04.599 [main] INFO  o.s.d.r.config.RepositoryConfigurationDelegate - Multiple Spring Data modules found, entering strict repository configuration mode!
2022-02-10 09:43:04.603 [main] INFO  o.s.d.r.config.RepositoryConfigurationDelegate - Bootstrapping Spring Data Redis repositories in DEFAULT mode.
2022-02-10 09:43:04.656 [main] INFO  o.s.d.r.config.RepositoryConfigurationDelegate - Finished Spring Data repository scanning in 32ms. Found 0 Redis repository interfaces.
2022-02-10 09:43:04.920 [main] INFO  o.s.c.s.PostProcessorRegistrationDelegate$BeanPostProcessorChecker - Bean 'shiroConfig' of type [com.winnerdt.common.config.ShiroConfig$$EnhancerBySpringCGLIB$$39a72707] is not eligible for getting processed by all BeanPostProcessors (for example: not eligible for auto-proxying)
2022-02-10 09:43:04.987 [main] INFO  o.s.c.s.PostProcessorRegistrationDelegate$BeanPostProcessorChecker - Bean 'dynamicDataSourceConfig' of type [com.winnerdt.datasources.DynamicDataSourceConfig$$EnhancerBySpringCGLIB$$46098983] is not eligible for getting processed by all BeanPostProcessors (for example: not eligible for auto-proxying)
2022-02-10 09:43:05.051 [main] INFO  o.s.c.s.PostProcessorRegistrationDelegate$BeanPostProcessorChecker - Bean 'spring.datasource-org.springframework.boot.autoconfigure.jdbc.DataSourceProperties' of type [org.springframework.boot.autoconfigure.jdbc.DataSourceProperties] is not eligible for getting processed by all BeanPostProcessors (for example: not eligible for auto-proxying)
2022-02-10 09:43:05.053 [main] INFO  o.s.c.s.PostProcessorRegistrationDelegate$BeanPostProcessorChecker - Bean 'com.alibaba.druid.spring.boot.autoconfigure.stat.DruidFilterConfiguration' of type [com.alibaba.druid.spring.boot.autoconfigure.stat.DruidFilterConfiguration] is not eligible for getting processed by all BeanPostProcessors (for example: not eligible for auto-proxying)
2022-02-10 09:43:05.073 [main] INFO  o.s.c.s.PostProcessorRegistrationDelegate$BeanPostProcessorChecker - Bean 'statFilter' of type [com.alibaba.druid.filter.stat.StatFilter] is not eligible for getting processed by all BeanPostProcessors (for example: not eligible for auto-proxying)
2022-02-10 09:43:05.085 [main] INFO  o.s.c.s.PostProcessorRegistrationDelegate$BeanPostProcessorChecker - Bean 'first' of type [com.alibaba.druid.spring.boot.autoconfigure.DruidDataSourceWrapper] is not eligible for getting processed by all BeanPostProcessors (for example: not eligible for auto-proxying)
2022-02-10 09:43:05.097 [main] INFO  o.s.c.s.PostProcessorRegistrationDelegate$BeanPostProcessorChecker - Bean 'second' of type [com.alibaba.druid.spring.boot.autoconfigure.DruidDataSourceWrapper] is not eligible for getting processed by all BeanPostProcessors (for example: not eligible for auto-proxying)
2022-02-10 09:43:05.099 [main] INFO  o.s.c.s.PostProcessorRegistrationDelegate$BeanPostProcessorChecker - Bean 'dataSource' of type [com.winnerdt.datasources.DynamicDataSource] is not eligible for getting processed by all BeanPostProcessors (for example: not eligible for auto-proxying)
2022-02-10 09:43:05.146 [main] INFO  o.s.c.s.PostProcessorRegistrationDelegate$BeanPostProcessorChecker - Bean 'paginationInterceptor' of type [com.baomidou.mybatisplus.extension.plugins.PaginationInterceptor] is not eligible for getting processed by all BeanPostProcessors (for example: not eligible for auto-proxying)
2022-02-10 09:43:05.148 [main] INFO  o.s.c.s.PostProcessorRegistrationDelegate$BeanPostProcessorChecker - Bean 'GlobalConfig' of type [com.baomidou.mybatisplus.core.config.GlobalConfig] is not eligible for getting processed by all BeanPostProcessors (for example: not eligible for auto-proxying)
2022-02-10 09:43:05.599 [main] INFO  o.s.c.s.PostProcessorRegistrationDelegate$BeanPostProcessorChecker - Bean 'sqlSessionFactory' of type [org.apache.ibatis.session.defaults.DefaultSqlSessionFactory] is not eligible for getting processed by all BeanPostProcessors (for example: not eligible for auto-proxying)
2022-02-10 09:43:05.604 [main] INFO  o.s.c.s.PostProcessorRegistrationDelegate$BeanPostProcessorChecker - Bean 'mybatis-plus-com.baomidou.mybatisplus.autoconfigure.MybatisPlusProperties' of type [com.baomidou.mybatisplus.autoconfigure.MybatisPlusProperties] is not eligible for getting processed by all BeanPostProcessors (for example: not eligible for auto-proxying)
2022-02-10 09:43:05.610 [main] INFO  o.s.c.s.PostProcessorRegistrationDelegate$BeanPostProcessorChecker - Bean 'com.baomidou.mybatisplus.autoconfigure.MybatisPlusAutoConfiguration' of type [com.baomidou.mybatisplus.autoconfigure.MybatisPlusAutoConfiguration$$EnhancerBySpringCGLIB$$9972d524] is not eligible for getting processed by all BeanPostProcessors (for example: not eligible for auto-proxying)
2022-02-10 09:43:05.616 [main] INFO  o.s.c.s.PostProcessorRegistrationDelegate$BeanPostProcessorChecker - Bean 'sqlSessionTemplate' of type [org.mybatis.spring.SqlSessionTemplate] is not eligible for getting processed by all BeanPostProcessors (for example: not eligible for auto-proxying)
2022-02-10 09:43:05.617 [main] INFO  o.s.c.s.PostProcessorRegistrationDelegate$BeanPostProcessorChecker - Bean 'sysUserDao' of type [org.mybatis.spring.mapper.MapperFactoryBean] is not eligible for getting processed by all BeanPostProcessors (for example: not eligible for auto-proxying)
2022-02-10 09:43:05.619 [main] INFO  o.s.c.s.PostProcessorRegistrationDelegate$BeanPostProcessorChecker - Bean 'sysUserDao' of type [com.sun.proxy.$Proxy93] is not eligible for getting processed by all BeanPostProcessors (for example: not eligible for auto-proxying)
2022-02-10 09:43:05.621 [main] INFO  o.s.c.s.PostProcessorRegistrationDelegate$BeanPostProcessorChecker - Bean 'sysMenuDao' of type [org.mybatis.spring.mapper.MapperFactoryBean] is not eligible for getting processed by all BeanPostProcessors (for example: not eligible for auto-proxying)
2022-02-10 09:43:05.622 [main] INFO  o.s.c.s.PostProcessorRegistrationDelegate$BeanPostProcessorChecker - Bean 'sysMenuDao' of type [com.sun.proxy.$Proxy94] is not eligible for getting processed by all BeanPostProcessors (for example: not eligible for auto-proxying)
2022-02-10 09:43:05.622 [main] INFO  o.s.c.s.PostProcessorRegistrationDelegate$BeanPostProcessorChecker - Bean 'userRealm' of type [com.winnerdt.modules.sys.shiro.UserRealm] is not eligible for getting processed by all BeanPostProcessors (for example: not eligible for auto-proxying)
2022-02-10 09:43:05.629 [main] INFO  o.s.c.s.PostProcessorRegistrationDelegate$BeanPostProcessorChecker - Bean 'sessionManager' of type [org.apache.shiro.web.session.mgt.DefaultWebSessionManager] is not eligible for getting processed by all BeanPostProcessors (for example: not eligible for auto-proxying)
2022-02-10 09:43:05.847 [main] INFO  o.s.c.s.PostProcessorRegistrationDelegate$BeanPostProcessorChecker - Bean 'securityManager' of type [org.apache.shiro.web.mgt.DefaultWebSecurityManager] is not eligible for getting processed by all BeanPostProcessors (for example: not eligible for auto-proxying)
2022-02-10 09:43:05.880 [main] INFO  o.s.c.s.PostProcessorRegistrationDelegate$BeanPostProcessorChecker - Bean 'authorizationAttributeSourceAdvisor' of type [org.apache.shiro.spring.security.interceptor.AuthorizationAttributeSourceAdvisor] is not eligible for getting processed by all BeanPostProcessors (for example: not eligible for auto-proxying)
2022-02-10 09:43:05.925 [main] INFO  o.s.c.s.PostProcessorRegistrationDelegate$BeanPostProcessorChecker - Bean 'org.springframework.transaction.annotation.ProxyTransactionManagementConfiguration' of type [org.springframework.transaction.annotation.ProxyTransactionManagementConfiguration] is not eligible for getting processed by all BeanPostProcessors (for example: not eligible for auto-proxying)
2022-02-10 09:43:06.331 [main] WARN  io.undertow.websockets.jsr - UT026010: Buffer pool was not set on WebSocketDeploymentInfo, the default pool will be used
2022-02-10 09:43:06.356 [main] INFO  io.undertow.servlet - Initializing Spring embedded WebApplicationContext
2022-02-10 09:43:06.356 [main] INFO  org.springframework.web.context.ContextLoader - Root WebApplicationContext: initialization completed in 2771 ms
2022-02-10 09:43:07.334 [main] INFO  c.w.modules.video.ffch4j.util.PropertiesUtil - 加载配置文件...
2022-02-10 09:43:07.335 [main] INFO  c.w.modules.video.ffch4j.util.PropertiesUtil - 加载配置文件完毕
2022-02-10 09:43:07.335 [main] INFO  c.w.modules.video.ffch4j.util.PropertiesUtil - 读取的配置项：{path=/usr/local/ffmpeg/bin/, defaultpathEnable=false, debug=true, size=10, keepalive=false, pushCommand2=-ss 00:00:01 -c copy -f  flv rtmp://localhost:1935/live/, pushCommand1=ffmpeg -re -rtsp_transport tcp -i, callback=http://127.0.0.1/callback, getCommand1=http://10.10.30.24:8080/flv?port=1935&app=live&stream=, timeout=300}
2022-02-10 09:43:07.336 [main] INFO  c.w.modules.video.ffch4j.util.PropertiesUtil - 转换后的对象：ProgramConfig(path=/usr/local/ffmpeg/bin/, debug=true, size=10, callback=http://127.0.0.1/callback, keepalive=false, pushCommand1=ffmpeg -re -rtsp_transport tcp -i, pushCommand2=-ss 00:00:01 -c copy -f  flv rtmp://localhost:1935/live/, getCommand1=http://10.10.30.24:8080/flv?port=1935&app=live&stream=)
2022-02-10 09:43:08.024 [main] INFO  s.d.s.w.PropertySourcedRequestMappingHandlerMapping - Mapped URL path [/v2/api-docs] onto method [springfox.documentation.swagger2.web.Swagger2Controller#getDocumentation(String, HttpServletRequest)]
2022-02-10 09:43:08.271 [main] INFO  o.s.scheduling.concurrent.ThreadPoolTaskExecutor - Initializing ExecutorService 'applicationTaskExecutor'
2022-02-10 09:43:08.376 [main] INFO  o.s.b.a.web.servlet.WelcomePageHandlerMapping - Adding welcome page template: index
2022-02-10 09:43:08.791 [main] INFO  org.quartz.impl.StdSchedulerFactory - Using default implementation for ThreadExecutor
2022-02-10 09:43:08.798 [main] INFO  org.quartz.core.SchedulerSignalerImpl - Initialized Scheduler Signaller of type: class org.quartz.core.SchedulerSignalerImpl
2022-02-10 09:43:08.798 [main] INFO  org.quartz.core.QuartzScheduler - Quartz Scheduler v.2.3.0 created.
2022-02-10 09:43:08.799 [main] INFO  org.quartz.simpl.RAMJobStore - RAMJobStore initialized.
2022-02-10 09:43:08.800 [main] INFO  org.quartz.core.QuartzScheduler - Scheduler meta-data: Quartz Scheduler (v2.3.0) 'quartzScheduler' with instanceId 'NON_CLUSTERED'
  Scheduler class: 'org.quartz.core.QuartzScheduler' - running locally.
  NOT STARTED.
  Currently in standby mode.
  Number of jobs executed: 0
  Using thread pool 'org.quartz.simpl.SimpleThreadPool' - with 10 threads.
  Using job-store 'org.quartz.simpl.RAMJobStore' - which does not support persistence. and is not clustered.

2022-02-10 09:43:08.800 [main] INFO  org.quartz.impl.StdSchedulerFactory - Quartz scheduler 'quartzScheduler' initialized from an externally provided properties instance.
2022-02-10 09:43:08.801 [main] INFO  org.quartz.impl.StdSchedulerFactory - Quartz scheduler version: 2.3.0
2022-02-10 09:43:08.801 [main] INFO  org.quartz.core.QuartzScheduler - JobFactory set to: org.springframework.scheduling.quartz.SpringBeanJobFactory@74787609
2022-02-10 09:43:08.818 [main] INFO  o.s.scheduling.concurrent.ThreadPoolTaskScheduler - Initializing ExecutorService 'taskScheduler'
2022-02-10 09:43:08.906 [main] INFO  s.d.s.web.plugins.DocumentationPluginsBootstrapper - Context refreshed
2022-02-10 09:43:08.921 [main] INFO  s.d.s.web.plugins.DocumentationPluginsBootstrapper - Found 1 custom documentation plugin(s)
2022-02-10 09:43:08.951 [main] INFO  s.d.spring.web.scanners.ApiListingReferenceScanner - Scanning for api listing references
2022-02-10 09:43:09.085 [main] INFO  o.s.scheduling.quartz.SchedulerFactoryBean - Starting Quartz Scheduler now
2022-02-10 09:43:09.085 [main] INFO  org.quartz.core.QuartzScheduler - Scheduler quartzScheduler_$_NON_CLUSTERED started.
2022-02-10 09:43:09.123 [main] INFO  io.undertow - starting server: Undertow - 2.0.29.Final
2022-02-10 09:43:09.132 [main] INFO  org.xnio - XNIO version 3.3.8.Final
2022-02-10 09:43:09.147 [main] INFO  org.xnio.nio - XNIO NIO Implementation Version 3.3.8.Final
2022-02-10 09:43:09.213 [main] INFO  o.s.b.w.embedded.undertow.UndertowServletWebServer - Undertow started on port(s) 9002 (http) with context path '/video'
2022-02-10 09:43:09.216 [main] INFO  com.winnerdt.AdminApplication - Started AdminApplication in 6.29 seconds (JVM running for 7.648)
2022-02-10 09:43:52.052 [SpringContextShutdownHook] INFO  org.quartz.core.QuartzScheduler - Scheduler quartzScheduler_$_NON_CLUSTERED paused.
2022-02-10 09:43:52.052 [SpringContextShutdownHook] INFO  o.s.scheduling.concurrent.ThreadPoolTaskScheduler - Shutting down ExecutorService 'taskScheduler'
2022-02-10 09:43:52.052 [SpringContextShutdownHook] INFO  o.s.scheduling.quartz.SchedulerFactoryBean - Shutting down Quartz Scheduler
2022-02-10 09:43:52.053 [SpringContextShutdownHook] INFO  org.quartz.core.QuartzScheduler - Scheduler quartzScheduler_$_NON_CLUSTERED shutting down.
2022-02-10 09:43:52.053 [SpringContextShutdownHook] INFO  org.quartz.core.QuartzScheduler - Scheduler quartzScheduler_$_NON_CLUSTERED paused.
2022-02-10 09:43:52.053 [SpringContextShutdownHook] INFO  org.quartz.core.QuartzScheduler - Scheduler quartzScheduler_$_NON_CLUSTERED shutdown complete.
2022-02-10 09:43:52.054 [SpringContextShutdownHook] INFO  o.s.scheduling.concurrent.ThreadPoolTaskExecutor - Shutting down ExecutorService 'applicationTaskExecutor'
2022-02-10 09:43:52.075 [SpringContextShutdownHook] INFO  io.undertow - stopping server: Undertow - 2.0.29.Final
